<?xml version="1.0" encoding="utf-8"?>
<TestRun id="f9e3d405-5de4-4a52-89f5-7545ce70da70" name="qctol@DESKTOP-30L3NMU 2026-04-20 16:04:26" runUser="DESKTOP-30L3NMU\qctol" xmlns="http://microsoft.com/schemas/VisualStudio/TeamTest/2010">
  <Times creation="2026-04-20T16:04:26.5088869+08:00" queuing="2026-04-20T16:04:26.5088874+08:00" start="2026-04-20T16:04:25.0147823+08:00" finish="2026-04-20T16:04:27.3166909+08:00" />
  <TestSettings name="default" id="30856975-b8c3-444d-a3a7-c3c3b87c8f06">
    <Deployment runDeploymentRoot="qctol_DESKTOP-30L3NMU_2026-04-20_16_04_26" />
  </TestSettings>
  <Results>
    <UnitTestResult executionId="29c55093-bf18-49a0-a5d1-81b1bd678fa0" testId="b32a46a0-b9f3-f06d-4e0e-ee551962b363" testName="Chet.Utils.Helpers.Tests.HttpClientHelperTests.UploadFileAsync_WithProgressCallback_ReportsProgress" computerName="DESKTOP-30L3NMU" duration="00:00:00.0829578" startTime="2026-04-20T16:04:26.9894484+08:00" endTime="2026-04-20T16:04:26.9894488+08:00" testType="13cdc9d9-ddb5-4fa4-a97d-d965ccfc6d4b" outcome="Passed" testListId="8c84fa94-04c1-424b-9868-57a2d4851a1d" relativeResultsDirectory="29c55093-bf18-49a0-a5d1-81b1bd678fa0" />
    <UnitTestResult executionId="1d4ec0fa-80c3-470e-9c8b-f242e2ee3d56" testId="5f764f43-8aed-7396-4cc9-3738f1566ff6" testName="Chet.Utils.Helpers.Tests.HttpClientHelperTests.DownloadFileAsync_WithProgressCallback_ReportsProgress" computerName="DESKTOP-30L3NMU" duration="00:00:00.3292705" startTime="2026-04-20T16:04:26.8295249+08:00" endTime="2026-04-20T16:04:26.8295256+08:00" testType="13cdc9d9-ddb5-4fa4-a97d-d965ccfc6d4b" outcome="Passed" testListId="8c84fa94-04c1-424b-9868-57a2d4851a1d" relativeResultsDirectory="1d4ec0fa-80c3-470e-9c8b-f242e2ee3d56" />
    <UnitTestResult executionId="900c6c98-5401-4a58-a0bf-d7996123e119" testId="48afee2a-6883-41e6-ce12-82757479efcf" testName="Chet.Utils.Helpers.Tests.HttpClientHelperTests.DeserializeFromJson_ValidJson_ReturnsObject" computerName="DESKTOP-30L3NMU" duration="00:00:00.0009329" startTime="2026-04-20T16:04:26.4946271+08:00" endTime="2026-04-20T16:04:26.4946273+08:00" testType="13cdc9d9-ddb5-4fa4-a97d-d965ccfc6d4b" outcome="Passed" testListId="8c84fa94-04c1-424b-9868-57a2d4851a1d" relativeResultsDirectory="900c6c98-5401-4a58-a0bf-d7996123e119" />
    <UnitTestResult executionId="b3901e3d-9c8f-4b24-8eda-c3f4b7f27659" testId="90e1f8f5-068c-39b5-1c14-35356092733d" testName="Chet.Utils.Helpers.Tests.HttpClientHelperTests.PostJsonAsyncT_ValidData_ReturnsDeserializedObject" computerName="DESKTOP-30L3NMU" duration="00:00:00.0131694" startTime="2026-04-20T16:04:26.4542917+08:00" endTime="2026-04-20T16:04:26.4542918+08:00" testType="13cdc9d9-ddb5-4fa4-a97d-d965ccfc6d4b" outcome="Passed" testListId="8c84fa94-04c1-424b-9868-57a2d4851a1d" relativeResultsDirectory="b3901e3d-9c8f-4b24-8eda-c3f4b7f27659" />
    <UnitTestResult executionId="94435847-5055-4b6f-8680-8a85326aae9a" testId="df603487-8467-b77a-36b6-3b1cefc9bdd7" testName="Chet.Utils.Helpers.Tests.HttpClientHelperTests.EnableLogging_DisablesLogging" computerName="DESKTOP-30L3NMU" duration="00:00:00.0125696" startTime="2026-04-20T16:04:26.9056178+08:00" endTime="2026-04-20T16:04:26.9056182+08:00" testType="13cdc9d9-ddb5-4fa4-a97d-d965ccfc6d4b" outcome="Passed" testListId="8c84fa94-04c1-424b-9868-57a2d4851a1d" relativeResultsDirectory="94435847-5055-4b6f-8680-8a85326aae9a" />
    <UnitTestResult executionId="7e4b2c09-62e4-4baf-a215-69296b825c44" testId="dc549edb-2214-26bd-f221-e8a6c7bef585" testName="Chet.Utils.Helpers.Tests.HttpClientHelperTests.SetDefaultHeaders_NullHeaders_ThrowsArgumentNullException" computerName="DESKTOP-30L3NMU" duration="00:00:00.0011557" startTime="2026-04-20T16:04:26.8312006+08:00" endTime="2026-04-20T16:04:26.8312007+08:00" testType="13cdc9d9-ddb5-4fa4-a97d-d965ccfc6d4b" outcome="Passed" testListId="8c84fa94-04c1-424b-9868-57a2d4851a1d" relativeResultsDirectory="7e4b2c09-62e4-4baf-a215-69296b825c44" />
    <UnitTestResult executionId="668518b0-f357-4a19-b4f6-5d23b9133efc" testId="bf2532e4-32bc-c86a-7789-27840fe932ef" testName="Chet.Utils.Helpers.Tests.HttpClientHelperTests.GetStatistics_AfterRequests_ReturnsCorrectCounts" computerName="DESKTOP-30L3NMU" duration="00:00:00.0012151" startTime="2026-04-20T16:04:26.8462847+08:00" endTime="2026-04-20T16:04:26.8462850+08:00" testType="13cdc9d9-ddb5-4fa4-a97d-d965ccfc6d4b" outcome="Passed" testListId="8c84fa94-04c1-424b-9868-57a2d4851a1d" relativeResultsDirectory="668518b0-f357-4a19-b4f6-5d23b9133efc" />
    <UnitTestResult executionId="0df04bdc-cd23-4e54-bdef-531a9e6b3d45" testId="77986575-5dd7-485b-3020-7f6ca053b27a" testName="Chet.Utils.Helpers.Tests.HttpClientHelperTests.Constructor_WithOptionsAndHeaders_CreatesInstance" computerName="DESKTOP-30L3NMU" duration="00:00:00.0002482" startTime="2026-04-20T16:04:26.8517934+08:00" endTime="2026-04-20T16:04:26.8517938+08:00" testType="13cdc9d9-ddb5-4fa4-a97d-d965ccfc6d4b" outcome="Passed" testListId="8c84fa94-04c1-424b-9868-57a2d4851a1d" relativeResultsDirectory="0df04bdc-cd23-4e54-bdef-531a9e6b3d45" />
    <UnitTestResult executionId="b9c16a56-64e9-40d0-854e-7bf9e83429c0" testId="0cca12bc-ea0f-670f-2f60-2f8b589a8322" testName="Chet.Utils.Helpers.Tests.HttpClientHelperTests.DownloadFileAsync_ValidUrl_DownloadsFile" computerName="DESKTOP-30L3NMU" duration="00:00:00.0944157" startTime="2026-04-20T16:04:27.2355004+08:00" endTime="2026-04-20T16:04:27.2355008+08:00" testType="13cdc9d9-ddb5-4fa4-a97d-d965ccfc6d4b" outcome="Passed" testListId="8c84fa94-04c1-424b-9868-57a2d4851a1d" relativeResultsDirectory="b9c16a56-64e9-40d0-854e-7bf9e83429c0" />
    <UnitTestResult executionId="a266342e-9bca-4e8d-9bdf-fc4a88a5681e" testId="03c8197e-6f68-189f-3ae2-eccdff04ca80" testName="Chet.Utils.Helpers.Tests.HttpClientHelperTests.SendBatchAsync_NullRequests_ThrowsArgumentNullException" computerName="DESKTOP-30L3NMU" duration="00:00:00.0016095" startTime="2026-04-20T16:04:26.8900217+08:00" endTime="2026-04-20T16:04:26.8900219+08:00" testType="13cdc9d9-ddb5-4fa4-a97d-d965ccfc6d4b" outcome="Passed" testListId="8c84fa94-04c1-424b-9868-57a2d4851a1d" relativeResultsDirectory="a266342e-9bca-4e8d-9bdf-fc4a88a5681e" />
    <UnitTestResult executionId="146789f8-bece-4595-983b-36d5f82cc382" testId="5dc9c05b-0afa-fea5-529f-274d594546e8" testName="Chet.Utils.Helpers.Tests.HttpClientHelperTests.SendBatchAsync_MultipleRequests_ReturnsResponses" computerName="DESKTOP-30L3NMU" duration="00:00:00.0037141" startTime="2026-04-20T16:04:27.1011057+08:00" endTime="2026-04-20T16:04:27.1011060+08:00" testType="13cdc9d9-ddb5-4fa4-a97d-d965ccfc6d4b" outcome="Passed" testListId="8c84fa94-04c1-424b-9868-57a2d4851a1d" relativeResultsDirectory="146789f8-bece-4595-983b-36d5f82cc382" />
    <UnitTestResult executionId="7a1e5df4-b9d1-4d12-85c3-1ff5696740a4" testId="98c67275-4132-0580-e13d-9497e4b30b5f" testName="Chet.Utils.Helpers.Tests.HttpClientHelperTests.OptionsAsync_ValidUrl_ReturnsHttpResponseMessage" computerName="DESKTOP-30L3NMU" duration="00:00:00.0012404" startTime="2026-04-20T16:04:26.4538142+08:00" endTime="2026-04-20T16:04:26.4538148+08:00" testType="13cdc9d9-ddb5-4fa4-a97d-d965ccfc6d4b" outcome="Failed" testListId="8c84fa94-04c1-424b-9868-57a2d4851a1d" relativeResultsDirectory="7a1e5df4-b9d1-4d12-85c3-1ff5696740a4">
      <Output>
        <ErrorInfo>
          <Message>System.InvalidOperationException : Misused header name, 'Allow'. Make sure request headers are used with HttpRequestMessage, response headers with HttpResponseMessage, and content headers with HttpContent objects.</Message>
          <StackTrace>   at System.Net.Http.Headers.HttpHeaders.GetHeaderDescriptor(String name)&#xD;
   at System.Net.Http.Headers.HttpHeaders.Add(String name, String value)&#xD;
   at Chet.Utils.Helpers.Tests.HttpClientHelperTests.OptionsAsync_ValidUrl_ReturnsHttpResponseMessage() in E:\Project\Chet\Chet.Utils\Chet.Utils.Tests\Helpers\HttpClientHelperTests.cs:line 480&#xD;
--- End of stack trace from previous location ---</StackTrace>
        </ErrorInfo>
      </Output>
    </UnitTestResult>
    <UnitTestResult executionId="4128e0e1-4f94-4e75-bebe-d034c2f17796" testId="9af42fb7-5208-30fc-f313-417206df188e" testName="Chet.Utils.Helpers.Tests.HttpClientHelperTests.ResetStatistics_ClearsAllCounts" computerName="DESKTOP-30L3NMU" duration="00:00:00.0049201" startTime="2026-04-20T16:04:26.4543569+08:00" endTime="2026-04-20T16:04:26.4543570+08:00" testType="13cdc9d9-ddb5-4fa4-a97d-d965ccfc6d4b" outcome="Passed" testListId="8c84fa94-04c1-424b-9868-57a2d4851a1d" relativeResultsDirectory="4128e0e1-4f94-4e75-bebe-d034c2f17796" />
    <UnitTestResult executionId="1997090a-eda9-4fa3-8e21-e144129428e8" testId="230cc054-54fc-7359-6da7-b7ff787d4ab0" testName="Chet.Utils.Helpers.Tests.HttpClientHelperTests.ConfigureJsonOptions_ValidAction_UpdatesOptions" computerName="DESKTOP-30L3NMU" duration="00:00:00.0017719" startTime="2026-04-20T16:04:27.1029648+08:00" endTime="2026-04-20T16:04:27.1029649+08:00" testType="13cdc9d9-ddb5-4fa4-a97d-d965ccfc6d4b" outcome="Passed" testListId="8c84fa94-04c1-424b-9868-57a2d4851a1d" relativeResultsDirectory="1997090a-eda9-4fa3-8e21-e144129428e8" />
    <UnitTestResult executionId="4bc19a0d-d28a-4504-a5be-64184eca6f2c" testId="e6f97310-fdcd-b4e9-0ff9-109e167df4d8" testName="Chet.Utils.Helpers.Tests.HttpClientHelperTests.AddDefaultHeader_ValidHeader_AddsHeader" computerName="DESKTOP-30L3NMU" duration="00:00:00.0002687" startTime="2026-04-20T16:04:26.8310840+08:00" endTime="2026-04-20T16:04:26.8310842+08:00" testType="13cdc9d9-ddb5-4fa4-a97d-d965ccfc6d4b" outcome="Passed" testListId="8c84fa94-04c1-424b-9868-57a2d4851a1d" relativeResultsDirectory="4bc19a0d-d28a-4504-a5be-64184eca6f2c" />
    <UnitTestResult executionId="97da66e3-315c-4c2a-85c3-dc58ac68cb77" testId="9d61a98d-5a35-e1e2-d2f2-f09c6d1c335b" testName="Chet.Utils.Helpers.Tests.HttpClientHelperTests.GetAsync_InvalidUrl_ThrowsArgumentException" computerName="DESKTOP-30L3NMU" duration="00:00:00.0007339" startTime="2026-04-20T16:04:27.0939471+08:00" endTime="2026-04-20T16:04:27.0939473+08:00" testType="13cdc9d9-ddb5-4fa4-a97d-d965ccfc6d4b" outcome="Passed" testListId="8c84fa94-04c1-424b-9868-57a2d4851a1d" relativeResultsDirectory="97da66e3-315c-4c2a-85c3-dc58ac68cb77" />
    <UnitTestResult executionId="37b2f368-a111-4fea-83b2-f25717a0414b" testId="343c9d58-90b5-32ec-0927-937ddeedf3d5" testName="Chet.Utils.Helpers.Tests.HttpClientHelperTests.SetDefaultHeaders_ValidHeaders_AddsHeaders" computerName="DESKTOP-30L3NMU" duration="00:00:00.0009333" startTime="2026-04-20T16:04:26.8364610+08:00" endTime="2026-04-20T16:04:26.8364613+08:00" testType="13cdc9d9-ddb5-4fa4-a97d-d965ccfc6d4b" outcome="Passed" testListId="8c84fa94-04c1-424b-9868-57a2d4851a1d" relativeResultsDirectory="37b2f368-a111-4fea-83b2-f25717a0414b" />
    <UnitTestResult executionId="ec40cea2-656b-4729-a8bf-0c7b3ce3d7c5" testId="e4e6c2bf-4af1-43f1-63a5-93a6e0efa19f" testName="Chet.Utils.Helpers.Tests.HttpClientHelperTests.GetAsyncT_ValidUrl_ReturnsDeserializedObject" computerName="DESKTOP-30L3NMU" duration="00:00:00.0027058" startTime="2026-04-20T16:04:26.8427321+08:00" endTime="2026-04-20T16:04:26.8427325+08:00" testType="13cdc9d9-ddb5-4fa4-a97d-d965ccfc6d4b" outcome="Passed" testListId="8c84fa94-04c1-424b-9868-57a2d4851a1d" relativeResultsDirectory="ec40cea2-656b-4729-a8bf-0c7b3ce3d7c5" />
    <UnitTestResult executionId="acea3765-b3a6-4b35-a24b-509c37a9bc75" testId="f68e81c0-542d-66ee-b2c2-cee7d5280b13" testName="Chet.Utils.Helpers.Tests.HttpClientHelperTests.SetAutomaticDecompression_Enabled_SetsDecompression" computerName="DESKTOP-30L3NMU" duration="00:00:00.0002581" startTime="2026-04-20T16:04:26.4544334+08:00" endTime="2026-04-20T16:04:26.4544335+08:00" testType="13cdc9d9-ddb5-4fa4-a97d-d965ccfc6d4b" outcome="Passed" testListId="8c84fa94-04c1-424b-9868-57a2d4851a1d" relativeResultsDirectory="acea3765-b3a6-4b35-a24b-509c37a9bc75" />
    <UnitTestResult executionId="6efa0452-67d9-4882-b346-456f1d5ab4e8" testId="3116c161-1c6f-093b-3a19-ae417c5d95d7" testName="Chet.Utils.Helpers.Tests.HttpClientHelperTests.Constructor_WithLogger_CreatesInstance" computerName="DESKTOP-30L3NMU" duration="00:00:00.0003288" startTime="2026-04-20T16:04:26.9059876+08:00" endTime="2026-04-20T16:04:26.9059877+08:00" testType="13cdc9d9-ddb5-4fa4-a97d-d965ccfc6d4b" outcome="Passed" testListId="8c84fa94-04c1-424b-9868-57a2d4851a1d" relativeResultsDirectory="6efa0452-67d9-4882-b346-456f1d5ab4e8" />
    <UnitTestResult executionId="0185131a-7245-4b43-9dff-c294c39eb1fe" testId="a1c187fa-3784-d987-7691-d46afaa70328" testName="Chet.Utils.Helpers.Tests.HttpClientHelperTests.PutJsonAsync_ValidData_ReturnsHttpResponseMessage" computerName="DESKTOP-30L3NMU" duration="00:00:00.0029521" startTime="2026-04-20T16:04:26.8548662+08:00" endTime="2026-04-20T16:04:26.8548665+08:00" testType="13cdc9d9-ddb5-4fa4-a97d-d965ccfc6d4b" outcome="Passed" testListId="8c84fa94-04c1-424b-9868-57a2d4851a1d" relativeResultsDirectory="0185131a-7245-4b43-9dff-c294c39eb1fe" />
    <UnitTestResult executionId="c1604f40-a7cc-4b73-934e-a043a5a2d201" testId="632bb288-3da3-7bd6-9301-8de79ff45797" testName="Chet.Utils.Helpers.Tests.HttpClientHelperTests.SendSequentialAsync_NullRequests_ThrowsArgumentNullException" computerName="DESKTOP-30L3NMU" duration="00:00:00.0008877" startTime="2026-04-20T16:04:26.8374437+08:00" endTime="2026-04-20T16:04:26.8374439+08:00" testType="13cdc9d9-ddb5-4fa4-a97d-d965ccfc6d4b" outcome="Passed" testListId="8c84fa94-04c1-424b-9868-57a2d4851a1d" relativeResultsDirectory="c1604f40-a7cc-4b73-934e-a043a5a2d201" />
    <UnitTestResult executionId="296bb018-3ad2-4e64-b8b6-4fcc699f634e" testId="9f0d188d-37cd-23c3-9364-f63a1e48458a" testName="Chet.Utils.Helpers.Tests.HttpClientHelperTests.GetStringAsync_ValidUrl_ReturnsStringContent" computerName="DESKTOP-30L3NMU" duration="00:00:00.0015571" startTime="2026-04-20T16:04:26.8328157+08:00" endTime="2026-04-20T16:04:26.8328159+08:00" testType="13cdc9d9-ddb5-4fa4-a97d-d965ccfc6d4b" outcome="Passed" testListId="8c84fa94-04c1-424b-9868-57a2d4851a1d" relativeResultsDirectory="296bb018-3ad2-4e64-b8b6-4fcc699f634e" />
    <UnitTestResult executionId="a636bb1e-381a-412a-a4a1-714559b11043" testId="82459fd8-134b-ad38-772c-eb97d192c0bc" testName="Chet.Utils.Helpers.Tests.HttpClientHelperTests.GetAsync_NullUrl_ThrowsArgumentNullException" computerName="DESKTOP-30L3NMU" duration="00:00:00.0005411" startTime="2026-04-20T16:04:26.8906318+08:00" endTime="2026-04-20T16:04:26.8906319+08:00" testType="13cdc9d9-ddb5-4fa4-a97d-d965ccfc6d4b" outcome="Passed" testListId="8c84fa94-04c1-424b-9868-57a2d4851a1d" relativeResultsDirectory="a636bb1e-381a-412a-a4a1-714559b11043" />
    <UnitTestResult executionId="a92a8a09-5e74-48e9-acbe-becf15ceee75" testId="d95fd044-0410-62d1-c43a-6b2108b32585" testName="Chet.Utils.Helpers.Tests.HttpClientHelperTests.PostJsonAsync_ValidData_ReturnsHttpResponseMessage" computerName="DESKTOP-30L3NMU" duration="00:00:00.0457954" startTime="2026-04-20T16:04:26.3931040+08:00" endTime="2026-04-20T16:04:26.3931043+08:00" testType="13cdc9d9-ddb5-4fa4-a97d-d965ccfc6d4b" outcome="Passed" testListId="8c84fa94-04c1-424b-9868-57a2d4851a1d" relativeResultsDirectory="a92a8a09-5e74-48e9-acbe-becf15ceee75" />
    <UnitTestResult executionId="c6570c67-2ee5-4f7d-b843-321f6e2dddbd" testId="5afd01f1-2b25-6aff-1d73-c4d7269022d8" testName="Chet.Utils.Helpers.Tests.HttpClientHelperTests.DeserializeFromJson_EmptyJson_ThrowsArgumentNullException" computerName="DESKTOP-30L3NMU" duration="00:00:00.0004193" startTime="2026-04-20T16:04:26.9899948+08:00" endTime="2026-04-20T16:04:26.9899954+08:00" testType="13cdc9d9-ddb5-4fa4-a97d-d965ccfc6d4b" outcome="Passed" testListId="8c84fa94-04c1-424b-9868-57a2d4851a1d" relativeResultsDirectory="c6570c67-2ee5-4f7d-b843-321f6e2dddbd" />
    <UnitTestResult executionId="2f80aefc-4ce0-4db5-9188-b7aba96d7a74" testId="51292d24-82fb-6f44-1136-2f49d0d027ba" testName="Chet.Utils.Helpers.Tests.HttpClientHelperTests.GetWithRetryAsync_SuccessAfterRetry_ReturnsResponse" computerName="DESKTOP-30L3NMU" duration="00:00:00.0176146" startTime="2026-04-20T16:04:26.4726061+08:00" endTime="2026-04-20T16:04:26.4726065+08:00" testType="13cdc9d9-ddb5-4fa4-a97d-d965ccfc6d4b" outcome="Passed" testListId="8c84fa94-04c1-424b-9868-57a2d4851a1d" relativeResultsDirectory="2f80aefc-4ce0-4db5-9188-b7aba96d7a74" />
    <UnitTestResult executionId="54aa4734-1e34-4662-ba33-5cd7f2f04cdb" testId="edd9b7fa-a814-25c2-bdf6-4fe9fc58b9d7" testName="Chet.Utils.Helpers.Tests.HttpClientHelperTests.GetWithApiKeyAsync_CustomHeaderName_AddsCorrectHeader" computerName="DESKTOP-30L3NMU" duration="00:00:00.0019587" startTime="2026-04-20T16:04:26.4936263+08:00" endTime="2026-04-20T16:04:26.4936266+08:00" testType="13cdc9d9-ddb5-4fa4-a97d-d965ccfc6d4b" outcome="Passed" testListId="8c84fa94-04c1-424b-9868-57a2d4851a1d" relativeResultsDirectory="54aa4734-1e34-4662-ba33-5cd7f2f04cdb" />
    <UnitTestResult executionId="92a456c5-8e91-4420-b1ee-e08b8cbe5668" testId="f8de72d7-507e-46a9-0f18-380df754f02e" testName="Chet.Utils.Helpers.Tests.HttpClientHelperTests.SerializeToJson_ValidObject_ReturnsJsonString" computerName="DESKTOP-30L3NMU" duration="00:00:00.0090282" startTime="2026-04-20T16:04:26.4915686+08:00" endTime="2026-04-20T16:04:26.4915690+08:00" testType="13cdc9d9-ddb5-4fa4-a97d-d965ccfc6d4b" outcome="Passed" testListId="8c84fa94-04c1-424b-9868-57a2d4851a1d" relativeResultsDirectory="92a456c5-8e91-4420-b1ee-e08b8cbe5668" />
    <UnitTestResult executionId="fbba700e-269a-4dcc-b403-a4b6624581cc" testId="38029b8b-dd9c-d63d-bf7b-c6612b330372" testName="Chet.Utils.Helpers.Tests.HttpClientHelperTests.GetWithAuthAsync_NullToken_ThrowsArgumentNullException" computerName="DESKTOP-30L3NMU" duration="00:00:00.0018734" startTime="2026-04-20T16:04:26.4098780+08:00" endTime="2026-04-20T16:04:26.4098782+08:00" testType="13cdc9d9-ddb5-4fa4-a97d-d965ccfc6d4b" outcome="Passed" testListId="8c84fa94-04c1-424b-9868-57a2d4851a1d" relativeResultsDirectory="fbba700e-269a-4dcc-b403-a4b6624581cc" />
    <UnitTestResult executionId="774dc79d-5fe8-4c01-a771-ed07d7d2ea4a" testId="85eacced-fbf8-379d-30b8-62691abb2c36" testName="Chet.Utils.Helpers.Tests.HttpClientHelperTests.UploadFileAsync_ValidFile_UploadsFile" computerName="DESKTOP-30L3NMU" duration="00:00:00.1024034" startTime="2026-04-20T16:04:27.0931670+08:00" endTime="2026-04-20T16:04:27.0931674+08:00" testType="13cdc9d9-ddb5-4fa4-a97d-d965ccfc6d4b" outcome="Passed" testListId="8c84fa94-04c1-424b-9868-57a2d4851a1d" relativeResultsDirectory="774dc79d-5fe8-4c01-a771-ed07d7d2ea4a" />
    <UnitTestResult executionId="19f85900-32aa-4aa0-b9fa-a43c0c3ecce7" testId="74e3b427-3b1c-266c-4e1d-2e8c3bc2dcb0" testName="Chet.Utils.Helpers.Tests.HttpClientHelperTests.DownloadFileAsync_EmptyFilePath_ThrowsArgumentNullException" computerName="DESKTOP-30L3NMU" duration="00:00:00.0029964" startTime="2026-04-20T16:04:26.4079112+08:00" endTime="2026-04-20T16:04:26.4079115+08:00" testType="13cdc9d9-ddb5-4fa4-a97d-d965ccfc6d4b" outcome="Passed" testListId="8c84fa94-04c1-424b-9868-57a2d4851a1d" relativeResultsDirectory="19f85900-32aa-4aa0-b9fa-a43c0c3ecce7" />
    <UnitTestResult executionId="da0599e1-537c-4c88-b7ee-7970037d363c" testId="83e0e04a-204c-c559-47fb-9c6ad59d9ad6" testName="Chet.Utils.Helpers.Tests.HttpClientHelperTests.Constructor_WithOptions_CreatesInstance" computerName="DESKTOP-30L3NMU" duration="00:00:00.0019924" startTime="2026-04-20T16:04:26.4545037+08:00" endTime="2026-04-20T16:04:26.4545038+08:00" testType="13cdc9d9-ddb5-4fa4-a97d-d965ccfc6d4b" outcome="Passed" testListId="8c84fa94-04c1-424b-9868-57a2d4851a1d" relativeResultsDirectory="da0599e1-537c-4c88-b7ee-7970037d363c" />
    <UnitTestResult executionId="8f75cedf-6d4c-433d-abfa-d0aebd04c9c0" testId="0373823b-d2f7-da76-ee44-efbdba64bf4e" testName="Chet.Utils.Helpers.Tests.HttpClientHelperTests.GetWithApiKeyAsync_ValidApiKey_AddsHeader" computerName="DESKTOP-30L3NMU" duration="00:00:00.0011606" startTime="2026-04-20T16:04:27.0968555+08:00" endTime="2026-04-20T16:04:27.0968556+08:00" testType="13cdc9d9-ddb5-4fa4-a97d-d965ccfc6d4b" outcome="Passed" testListId="8c84fa94-04c1-424b-9868-57a2d4851a1d" relativeResultsDirectory="8f75cedf-6d4c-433d-abfa-d0aebd04c9c0" />
    <UnitTestResult executionId="f56ab84a-dcf2-4373-b9ab-78bd32a5176a" testId="31e2974b-e79f-74b3-4b4b-e0baba37a2c6" testName="Chet.Utils.Helpers.Tests.HttpClientHelperTests.GetWithAuthAsync_ValidToken_AddsAuthorizationHeader" computerName="DESKTOP-30L3NMU" duration="00:00:00.0016578" startTime="2026-04-20T16:04:26.8513988+08:00" endTime="2026-04-20T16:04:26.8514002+08:00" testType="13cdc9d9-ddb5-4fa4-a97d-d965ccfc6d4b" outcome="Passed" testListId="8c84fa94-04c1-424b-9868-57a2d4851a1d" relativeResultsDirectory="f56ab84a-dcf2-4373-b9ab-78bd32a5176a" />
    <UnitTestResult executionId="97b20668-e78f-4960-a91e-46fe1b12faf1" testId="cb6e8c12-4ff8-dae1-c50e-3386ee45981a" testName="Chet.Utils.Helpers.Tests.HttpClientHelperTests.GetAsync_EmptyUrl_ThrowsArgumentNullException" computerName="DESKTOP-30L3NMU" duration="00:00:00.0008864" startTime="2026-04-20T16:04:26.4545707+08:00" endTime="2026-04-20T16:04:26.4545707+08:00" testType="13cdc9d9-ddb5-4fa4-a97d-d965ccfc6d4b" outcome="Passed" testListId="8c84fa94-04c1-424b-9868-57a2d4851a1d" relativeResultsDirectory="97b20668-e78f-4960-a91e-46fe1b12faf1" />
    <UnitTestResult executionId="b513d5a0-41fe-4d15-b501-20306f5091ef" testId="4cfabfd6-79a6-3fc4-d7af-295ae852f27b" testName="Chet.Utils.Helpers.Tests.HttpClientHelperTests.GetHttpClient_ReturnsHttpClientInstance" computerName="DESKTOP-30L3NMU" duration="00:00:00.0001256" startTime="2026-04-20T16:04:26.4546357+08:00" endTime="2026-04-20T16:04:26.4546357+08:00" testType="13cdc9d9-ddb5-4fa4-a97d-d965ccfc6d4b" outcome="Passed" testListId="8c84fa94-04c1-424b-9868-57a2d4851a1d" relativeResultsDirectory="b513d5a0-41fe-4d15-b501-20306f5091ef" />
    <UnitTestResult executionId="3839be0d-cd84-4e68-8f50-285ea02a1c30" testId="871666e1-196b-36d2-7e70-e7196d807b49" testName="Chet.Utils.Helpers.Tests.HttpClientHelperTests.UploadFileAsync_FileNotFound_ThrowsFileNotFoundException" computerName="DESKTOP-30L3NMU" duration="00:00:00.0006978" startTime="2026-04-20T16:04:27.1401195+08:00" endTime="2026-04-20T16:04:27.1401197+08:00" testType="13cdc9d9-ddb5-4fa4-a97d-d965ccfc6d4b" outcome="Passed" testListId="8c84fa94-04c1-424b-9868-57a2d4851a1d" relativeResultsDirectory="3839be0d-cd84-4e68-8f50-285ea02a1c30" />
    <UnitTestResult executionId="41e3f844-7887-4ac6-b1e2-8eb936cf2be6" testId="8ca2b52f-ec45-107f-171b-d5ff5cbdd62a" testName="Chet.Utils.Helpers.Tests.HttpClientHelperTests.Dispose_CalledMultipleTimes_DoesNotThrow" computerName="DESKTOP-30L3NMU" duration="00:00:00.0001086" startTime="2026-04-20T16:04:26.8554218+08:00" endTime="2026-04-20T16:04:26.8554219+08:00" testType="13cdc9d9-ddb5-4fa4-a97d-d965ccfc6d4b" outcome="Passed" testListId="8c84fa94-04c1-424b-9868-57a2d4851a1d" relativeResultsDirectory="41e3f844-7887-4ac6-b1e2-8eb936cf2be6" />
    <UnitTestResult executionId="8173dc3d-e13e-49a9-907b-8cd01195b4d1" testId="e4913b2c-6baf-9b4a-45bd-41312e8b67d5" testName="Chet.Utils.Helpers.Tests.HttpClientHelperTests.Dispose_CalledOnce_DisposesResources" computerName="DESKTOP-30L3NMU" duration="00:00:00.0012365" startTime="2026-04-20T16:04:26.4793528+08:00" endTime="2026-04-20T16:04:26.4793532+08:00" testType="13cdc9d9-ddb5-4fa4-a97d-d965ccfc6d4b" outcome="Passed" testListId="8c84fa94-04c1-424b-9868-57a2d4851a1d" relativeResultsDirectory="8173dc3d-e13e-49a9-907b-8cd01195b4d1" />
    <UnitTestResult executionId="ba1b2670-bba4-4ad5-b02e-c2b20e4f56e1" testId="25c66f95-fa61-81d4-1b2a-3a9e8c94910a" testName="Chet.Utils.Helpers.Tests.HttpClientHelperTests.DeleteAsyncT_ValidUrl_ReturnsDeserializedObject" computerName="DESKTOP-30L3NMU" duration="00:00:00.0021679" startTime="2026-04-20T16:04:26.8928759+08:00" endTime="2026-04-20T16:04:26.8928761+08:00" testType="13cdc9d9-ddb5-4fa4-a97d-d965ccfc6d4b" outcome="Passed" testListId="8c84fa94-04c1-424b-9868-57a2d4851a1d" relativeResultsDirectory="ba1b2670-bba4-4ad5-b02e-c2b20e4f56e1" />
    <UnitTestResult executionId="fbfaf835-ae6a-429c-8599-1294165f4d65" testId="02201217-f2af-32d9-fcdc-25377ab6e05b" testName="Chet.Utils.Helpers.Tests.HttpClientHelperTests.SetDefaultTimeout_ValidTimeout_SetsTimeout" computerName="DESKTOP-30L3NMU" duration="00:00:00.0025921" startTime="2026-04-20T16:04:26.8875183+08:00" endTime="2026-04-20T16:04:26.8875188+08:00" testType="13cdc9d9-ddb5-4fa4-a97d-d965ccfc6d4b" outcome="Passed" testListId="8c84fa94-04c1-424b-9868-57a2d4851a1d" relativeResultsDirectory="fbfaf835-ae6a-429c-8599-1294165f4d65" />
    <UnitTestResult executionId="e86ca148-1926-4dbb-ae1f-b48a1c424884" testId="ace105db-2acd-242c-ee29-5d57fdf987bc" testName="Chet.Utils.Helpers.Tests.HttpClientHelperTests.PostFormAsync_ValidFormData_ReturnsHttpResponseMessage" computerName="DESKTOP-30L3NMU" duration="00:00:00.0028528" startTime="2026-04-20T16:04:26.4772524+08:00" endTime="2026-04-20T16:04:26.4772530+08:00" testType="13cdc9d9-ddb5-4fa4-a97d-d965ccfc6d4b" outcome="Passed" testListId="8c84fa94-04c1-424b-9868-57a2d4851a1d" relativeResultsDirectory="e86ca148-1926-4dbb-ae1f-b48a1c424884" />
    <UnitTestResult executionId="f6e3a740-e839-4eb0-bbb3-6b594750af65" testId="5275150f-4e63-d3de-43f2-7345a37d3e31" testName="Chet.Utils.Helpers.Tests.HttpClientHelperTests.Constructor_WithHttpClient_CreatesInstance" computerName="DESKTOP-30L3NMU" duration="00:00:00.0002289" startTime="2026-04-20T16:04:26.3471788+08:00" endTime="2026-04-20T16:04:26.3471792+08:00" testType="13cdc9d9-ddb5-4fa4-a97d-d965ccfc6d4b" outcome="Passed" testListId="8c84fa94-04c1-424b-9868-57a2d4851a1d" relativeResultsDirectory="f6e3a740-e839-4eb0-bbb3-6b594750af65" />
    <UnitTestResult executionId="c66fee04-f593-4675-a992-fd4bf97a2f60" testId="1e2a51cf-3b02-2984-e135-bc670aa33ef7" testName="Chet.Utils.Helpers.Tests.HttpClientHelperTests.AddResponseInterceptor_InterceptorIsCalled" computerName="DESKTOP-30L3NMU" duration="00:00:00.0022250" startTime="2026-04-20T16:04:26.4542158+08:00" endTime="2026-04-20T16:04:26.4542159+08:00" testType="13cdc9d9-ddb5-4fa4-a97d-d965ccfc6d4b" outcome="Passed" testListId="8c84fa94-04c1-424b-9868-57a2d4851a1d" relativeResultsDirectory="c66fee04-f593-4675-a992-fd4bf97a2f60" />
    <UnitTestResult executionId="c1ddae3a-a0ca-42cd-9b9c-fc183be976ad" testId="8525813a-30e5-0ff6-afe9-ae42cd67bc60" testName="Chet.Utils.Helpers.Tests.HttpClientHelperTests.GetWithRetryAsyncT_SuccessAfterRetry_ReturnsDeserializedObject" computerName="DESKTOP-30L3NMU" duration="00:00:00.0272462" startTime="2026-04-20T16:04:26.8832237+08:00" endTime="2026-04-20T16:04:26.8832244+08:00" testType="13cdc9d9-ddb5-4fa4-a97d-d965ccfc6d4b" outcome="Passed" testListId="8c84fa94-04c1-424b-9868-57a2d4851a1d" relativeResultsDirectory="c1ddae3a-a0ca-42cd-9b9c-fc183be976ad" />
    <UnitTestResult executionId="6cc695f8-ccb4-40ad-87df-fafbd8a9dee7" testId="a27a49d0-2a0d-374d-920b-0cc6e4ec7d36" testName="Chet.Utils.Helpers.Tests.HttpClientHelperTests.SendBatchAsync_InvalidMaxConcurrency_ThrowsArgumentOutOfRangeException" computerName="DESKTOP-30L3NMU" duration="00:00:00.0007181" startTime="2026-04-20T16:04:27.1409791+08:00" endTime="2026-04-20T16:04:27.1409793+08:00" testType="13cdc9d9-ddb5-4fa4-a97d-d965ccfc6d4b" outcome="Passed" testListId="8c84fa94-04c1-424b-9868-57a2d4851a1d" relativeResultsDirectory="6cc695f8-ccb4-40ad-87df-fafbd8a9dee7" />
    <UnitTestResult executionId="7a0d8ee9-7fde-4b86-98b2-f8e8cb254ec4" testId="e3656f15-d259-9fb8-6ec8-f72b805988a2" testName="Chet.Utils.Helpers.Tests.HttpClientHelperTests.HeadAsync_ValidUrl_ReturnsHttpResponseMessage" computerName="DESKTOP-30L3NMU" duration="00:00:00.0021118" startTime="2026-04-20T16:04:26.8449631+08:00" endTime="2026-04-20T16:04:26.8449633+08:00" testType="13cdc9d9-ddb5-4fa4-a97d-d965ccfc6d4b" outcome="Passed" testListId="8c84fa94-04c1-424b-9868-57a2d4851a1d" relativeResultsDirectory="7a0d8ee9-7fde-4b86-98b2-f8e8cb254ec4" />
    <UnitTestResult executionId="25679bd1-968a-41c6-9a97-09f2199f4e34" testId="58dc5fe7-9c9f-4219-79b3-5f12913083c9" testName="Chet.Utils.Helpers.Tests.HttpClientHelperTests.GetByteArrayAsync_ValidUrl_ReturnsByteArray" computerName="DESKTOP-30L3NMU" duration="00:00:00.0040659" startTime="2026-04-20T16:04:26.3468587+08:00" endTime="2026-04-20T16:04:26.3468591+08:00" testType="13cdc9d9-ddb5-4fa4-a97d-d965ccfc6d4b" outcome="Passed" testListId="8c84fa94-04c1-424b-9868-57a2d4851a1d" relativeResultsDirectory="25679bd1-968a-41c6-9a97-09f2199f4e34" />
    <UnitTestResult executionId="2e0b5ea7-6544-47f7-ac38-fc91f9bf13c9" testId="244063d2-e2b2-535c-694a-08f819509fff" testName="Chet.Utils.Helpers.Tests.HttpClientHelperTests.RemoveDefaultHeader_ExistingHeader_RemovesHeader" computerName="DESKTOP-30L3NMU" duration="00:00:00.0064856" startTime="2026-04-20T16:04:26.3427391+08:00" endTime="2026-04-20T16:04:26.3427395+08:00" testType="13cdc9d9-ddb5-4fa4-a97d-d965ccfc6d4b" outcome="Passed" testListId="8c84fa94-04c1-424b-9868-57a2d4851a1d" relativeResultsDirectory="2e0b5ea7-6544-47f7-ac38-fc91f9bf13c9" />
    <UnitTestResult executionId="bd649937-1eb6-4224-95e8-a594f09a2c4e" testId="c23cf663-14db-c706-fc6c-f89374afaa3d" testName="Chet.Utils.Helpers.Tests.HttpClientHelperTests.AddRequestInterceptor_InterceptorIsCalled" computerName="DESKTOP-30L3NMU" duration="00:00:00.1195628" startTime="2026-04-20T16:04:26.3365706+08:00" endTime="2026-04-20T16:04:26.3365940+08:00" testType="13cdc9d9-ddb5-4fa4-a97d-d965ccfc6d4b" outcome="Passed" testListId="8c84fa94-04c1-424b-9868-57a2d4851a1d" relativeResultsDirectory="bd649937-1eb6-4224-95e8-a594f09a2c4e" />
    <UnitTestResult executionId="08b0acf2-1b7c-4bf7-ad56-2635958fb4a6" testId="7e26f0d7-2254-798d-2102-d9234529803c" testName="Chet.Utils.Helpers.Tests.HttpClientHelperTests.SetCookieContainer_ValidContainer_SetsContainer" computerName="DESKTOP-30L3NMU" duration="00:00:00.0359024" startTime="2026-04-20T16:04:27.1389602+08:00" endTime="2026-04-20T16:04:27.1389607+08:00" testType="13cdc9d9-ddb5-4fa4-a97d-d965ccfc6d4b" outcome="Passed" testListId="8c84fa94-04c1-424b-9868-57a2d4851a1d" relativeResultsDirectory="08b0acf2-1b7c-4bf7-ad56-2635958fb4a6" />
    <UnitTestResult executionId="7bf4999a-a5f7-4394-820d-867d2590b5aa" testId="b267ea4d-8d7d-6959-5444-ac00f9f1df7a" testName="Chet.Utils.Helpers.Tests.HttpClientHelperTests.SendSequentialAsync_MultipleRequests_ReturnsResponses" computerName="DESKTOP-30L3NMU" duration="00:00:00.0053116" startTime="2026-04-20T16:04:26.5000435+08:00" endTime="2026-04-20T16:04:26.5000438+08:00" testType="13cdc9d9-ddb5-4fa4-a97d-d965ccfc6d4b" outcome="Passed" testListId="8c84fa94-04c1-424b-9868-57a2d4851a1d" relativeResultsDirectory="7bf4999a-a5f7-4394-820d-867d2590b5aa" />
    <UnitTestResult executionId="8a9a4890-d759-444e-acaf-ca47159e54eb" testId="bccef118-3182-496b-8ec3-0b7ffcc3da72" testName="Chet.Utils.Helpers.Tests.HttpClientHelperTests.Constructor_WithNullHttpClient_ThrowsArgumentNullException" computerName="DESKTOP-30L3NMU" duration="00:00:00.0002417" startTime="2026-04-20T16:04:26.8354585+08:00" endTime="2026-04-20T16:04:26.8354586+08:00" testType="13cdc9d9-ddb5-4fa4-a97d-d965ccfc6d4b" outcome="Passed" testListId="8c84fa94-04c1-424b-9868-57a2d4851a1d" relativeResultsDirectory="8a9a4890-d759-444e-acaf-ca47159e54eb" />
    <UnitTestResult executionId="c63dede7-57d9-4f7f-85c4-b991d1c7d65f" testId="ecdb576d-e08c-1372-8641-d2ae430c69f1" testName="Chet.Utils.Helpers.Tests.HttpClientHelperTests.PatchAsync_ValidUrl_ReturnsHttpResponseMessage" computerName="DESKTOP-30L3NMU" duration="00:00:00.0023312" startTime="2026-04-20T16:04:26.8398982+08:00" endTime="2026-04-20T16:04:26.8398988+08:00" testType="13cdc9d9-ddb5-4fa4-a97d-d965ccfc6d4b" outcome="Passed" testListId="8c84fa94-04c1-424b-9868-57a2d4851a1d" relativeResultsDirectory="c63dede7-57d9-4f7f-85c4-b991d1c7d65f" />
    <UnitTestResult executionId="74b96fc7-226b-4459-afac-862e35bed9bd" testId="d5fb18a9-4c50-dd86-7a8b-d503f15a8753" testName="Chet.Utils.Helpers.Tests.HttpClientHelperTests.SetMaxConnectionsPerServer_InvalidValue_ThrowsArgumentOutOfRangeException" computerName="DESKTOP-30L3NMU" duration="00:00:00.0002859" startTime="2026-04-20T16:04:26.8552479+08:00" endTime="2026-04-20T16:04:26.8552481+08:00" testType="13cdc9d9-ddb5-4fa4-a97d-d965ccfc6d4b" outcome="Passed" testListId="8c84fa94-04c1-424b-9868-57a2d4851a1d" relativeResultsDirectory="74b96fc7-226b-4459-afac-862e35bed9bd" />
    <UnitTestResult executionId="e2ea4919-9e17-4284-8741-808d6744c136" testId="61cc265e-fa70-0c61-5dce-37fbb998e583" testName="Chet.Utils.Helpers.Tests.HttpClientHelperTests.GetStatistics_InitialState_ReturnsZeroCounts" computerName="DESKTOP-30L3NMU" duration="00:00:00.0004919" startTime="2026-04-20T16:04:26.4779208+08:00" endTime="2026-04-20T16:04:26.4779210+08:00" testType="13cdc9d9-ddb5-4fa4-a97d-d965ccfc6d4b" outcome="Passed" testListId="8c84fa94-04c1-424b-9868-57a2d4851a1d" relativeResultsDirectory="e2ea4919-9e17-4284-8741-808d6744c136" />
    <UnitTestResult executionId="292a90a6-a4ef-4587-90c3-b639d42c0bcd" testId="34602a11-5f9a-aabc-b2e9-faf05f72efb5" testName="Chet.Utils.Helpers.Tests.HttpClientHelperTests.GetAsync_FtpUrl_ThrowsArgumentException" computerName="DESKTOP-30L3NMU" duration="00:00:00.0006947" startTime="2026-04-20T16:04:26.8883392+08:00" endTime="2026-04-20T16:04:26.8883395+08:00" testType="13cdc9d9-ddb5-4fa4-a97d-d965ccfc6d4b" outcome="Passed" testListId="8c84fa94-04c1-424b-9868-57a2d4851a1d" relativeResultsDirectory="292a90a6-a4ef-4587-90c3-b639d42c0bcd" />
    <UnitTestResult executionId="99271cd7-d9a4-42a4-bc9e-d4298441274e" testId="8e71ea61-d4d2-663e-aee2-6a07928a35f9" testName="Chet.Utils.Helpers.Tests.HttpClientHelperTests.Constructor_WithoutLogger_CreatesInstance" computerName="DESKTOP-30L3NMU" duration="00:00:00.0000797" startTime="2026-04-20T16:04:27.0969717+08:00" endTime="2026-04-20T16:04:27.0969718+08:00" testType="13cdc9d9-ddb5-4fa4-a97d-d965ccfc6d4b" outcome="Passed" testListId="8c84fa94-04c1-424b-9868-57a2d4851a1d" relativeResultsDirectory="99271cd7-d9a4-42a4-bc9e-d4298441274e" />
    <UnitTestResult executionId="ccc1fbf2-5199-4397-ba6f-b0967a978a33" testId="d2167f45-3b3e-3731-8f14-5bff23d4932c" testName="Chet.Utils.Helpers.Tests.HttpClientHelperTests.GetWithTimeoutAsync_ValidTimeout_AppliesCancellationToken" computerName="DESKTOP-30L3NMU" duration="00:00:00.0017916" startTime="2026-04-20T16:04:26.8351025+08:00" endTime="2026-04-20T16:04:26.8351028+08:00" testType="13cdc9d9-ddb5-4fa4-a97d-d965ccfc6d4b" outcome="Passed" testListId="8c84fa94-04c1-424b-9868-57a2d4851a1d" relativeResultsDirectory="ccc1fbf2-5199-4397-ba6f-b0967a978a33" />
    <UnitTestResult executionId="a5557242-60f5-430c-b20f-9cdea1eabf62" testId="635df820-a336-19e1-a53c-fb38c6c66a61" testName="Chet.Utils.Helpers.Tests.HttpClientHelperTests.ClearInterceptors_RemovesAllInterceptors" computerName="DESKTOP-30L3NMU" duration="00:00:00.0003367" startTime="2026-04-20T16:04:27.1393788+08:00" endTime="2026-04-20T16:04:27.1393789+08:00" testType="13cdc9d9-ddb5-4fa4-a97d-d965ccfc6d4b" outcome="Passed" testListId="8c84fa94-04c1-424b-9868-57a2d4851a1d" relativeResultsDirectory="a5557242-60f5-430c-b20f-9cdea1eabf62" />
    <UnitTestResult executionId="6d718eaf-4bf6-4df5-b6ca-cf6aeb8919c2" testId="7354c202-2e5e-5aa3-529f-67d64b7f9be8" testName="Chet.Utils.Helpers.Tests.HttpClientHelperTests.GetWithBasicAuthAsync_ValidCredentials_AddsAuthorizationHeader" computerName="DESKTOP-30L3NMU" duration="00:00:00.0032632" startTime="2026-04-20T16:04:26.8496491+08:00" endTime="2026-04-20T16:04:26.8496493+08:00" testType="13cdc9d9-ddb5-4fa4-a97d-d965ccfc6d4b" outcome="Passed" testListId="8c84fa94-04c1-424b-9868-57a2d4851a1d" relativeResultsDirectory="6d718eaf-4bf6-4df5-b6ca-cf6aeb8919c2" />
    <UnitTestResult executionId="c7bdb4f1-f3b1-4796-8645-fb9cbd235d38" testId="8506d6e2-7ca2-31ae-c58b-e24f0cca196c" testName="Chet.Utils.Helpers.Tests.HttpClientHelperTests.SetDefaultTimeout_ZeroTimeout_ThrowsArgumentOutOfRangeException" computerName="DESKTOP-30L3NMU" duration="00:00:00.0002759" startTime="2026-04-20T16:04:27.0942847+08:00" endTime="2026-04-20T16:04:27.0942849+08:00" testType="13cdc9d9-ddb5-4fa4-a97d-d965ccfc6d4b" outcome="Passed" testListId="8c84fa94-04c1-424b-9868-57a2d4851a1d" relativeResultsDirectory="c7bdb4f1-f3b1-4796-8645-fb9cbd235d38" />
    <UnitTestResult executionId="4c9ac995-7f99-4f17-85c0-b3c2c6c2f71b" testId="95c05d38-4193-2ed9-5ce4-54310a65e361" testName="Chet.Utils.Helpers.Tests.HttpClientHelperTests.PostFormAsync_NullFormData_ThrowsArgumentNullException" computerName="DESKTOP-30L3NMU" duration="00:00:00.0007733" startTime="2026-04-20T16:04:27.2363639+08:00" endTime="2026-04-20T16:04:27.2363640+08:00" testType="13cdc9d9-ddb5-4fa4-a97d-d965ccfc6d4b" outcome="Passed" testListId="8c84fa94-04c1-424b-9868-57a2d4851a1d" relativeResultsDirectory="4c9ac995-7f99-4f17-85c0-b3c2c6c2f71b" />
    <UnitTestResult executionId="47860ca1-cd8f-4ffc-9325-e3c1d78d0caf" testId="87d1c7bc-c76d-4fca-6d78-7a3e9fd69e9d" testName="Chet.Utils.Helpers.Tests.HttpClientHelperTests.SetMaxConnectionsPerServer_ValidValue_SetsValue" computerName="DESKTOP-30L3NMU" duration="00:00:00.0002843" startTime="2026-04-20T16:04:26.8332053+08:00" endTime="2026-04-20T16:04:26.8332055+08:00" testType="13cdc9d9-ddb5-4fa4-a97d-d965ccfc6d4b" outcome="Passed" testListId="8c84fa94-04c1-424b-9868-57a2d4851a1d" relativeResultsDirectory="47860ca1-cd8f-4ffc-9325-e3c1d78d0caf" />
    <UnitTestResult executionId="9ff0b813-412f-4743-bec6-edd0293b0d02" testId="79dc8387-edea-a40f-604c-ebdf18da680a" testName="Chet.Utils.Helpers.Tests.HttpClientHelperTests.GetAsync_ValidUrl_ReturnsHttpResponseMessage" computerName="DESKTOP-30L3NMU" duration="00:00:00.0014309" startTime="2026-04-20T16:04:26.8848027+08:00" endTime="2026-04-20T16:04:26.8848030+08:00" testType="13cdc9d9-ddb5-4fa4-a97d-d965ccfc6d4b" outcome="Passed" testListId="8c84fa94-04c1-424b-9868-57a2d4851a1d" relativeResultsDirectory="9ff0b813-412f-4743-bec6-edd0293b0d02" />
    <UnitTestResult executionId="74153b13-14cc-4d5d-81ea-7250f9a3bd31" testId="fce2f0f9-6efd-d78b-3ff6-38e623c097d5" testName="Chet.Utils.Helpers.Tests.HttpClientHelperTests.GetWithRetryAsync_SuccessOnFirstTry_ReturnsResponse" computerName="DESKTOP-30L3NMU" duration="00:00:00.0045955" startTime="2026-04-20T16:04:26.4047932+08:00" endTime="2026-04-20T16:04:26.4047935+08:00" testType="13cdc9d9-ddb5-4fa4-a97d-d965ccfc6d4b" outcome="Passed" testListId="8c84fa94-04c1-424b-9868-57a2d4851a1d" relativeResultsDirectory="74153b13-14cc-4d5d-81ea-7250f9a3bd31" />
    <UnitTestResult executionId="7e93bf7a-97f1-4262-815f-7f605b6c6bb7" testId="a5d14b54-02a3-9a4e-e568-47f40dbf3d8d" testName="Chet.Utils.Helpers.Tests.HttpClientHelperTests.DeleteAsync_ValidUrl_ReturnsHttpResponseMessage" computerName="DESKTOP-30L3NMU" duration="00:00:00.0029520" startTime="2026-04-20T16:04:26.4824335+08:00" endTime="2026-04-20T16:04:26.4824338+08:00" testType="13cdc9d9-ddb5-4fa4-a97d-d965ccfc6d4b" outcome="Passed" testListId="8c84fa94-04c1-424b-9868-57a2d4851a1d" relativeResultsDirectory="7e93bf7a-97f1-4262-815f-7f605b6c6bb7" />
    <UnitTestResult executionId="091a37a1-6290-4c51-9b46-fb588b65cfa6" testId="589482bb-7d9a-b8bf-b83c-60efc95e7344" testName="Chet.Utils.Helpers.Tests.HttpClientHelperTests.GetStringAsync_NonSuccessStatusCode_ThrowsHttpRequestException" computerName="DESKTOP-30L3NMU" duration="00:00:00.0068411" startTime="2026-04-20T16:04:26.4000791+08:00" endTime="2026-04-20T16:04:26.4000795+08:00" testType="13cdc9d9-ddb5-4fa4-a97d-d965ccfc6d4b" outcome="Passed" testListId="8c84fa94-04c1-424b-9868-57a2d4851a1d" relativeResultsDirectory="091a37a1-6290-4c51-9b46-fb588b65cfa6" />
    <UnitTestResult executionId="3125f69e-9eed-4d82-872f-e901ac6d7af8" testId="5096e97f-afb1-e657-97a4-92171bc355d5" testName="Chet.Utils.Helpers.Tests.HttpClientHelperTests.PostAsync_ValidUrl_ReturnsHttpResponseMessage" computerName="DESKTOP-30L3NMU" duration="00:00:00.0012596" startTime="2026-04-20T16:04:27.0956227+08:00" endTime="2026-04-20T16:04:27.0956230+08:00" testType="13cdc9d9-ddb5-4fa4-a97d-d965ccfc6d4b" outcome="Passed" testListId="8c84fa94-04c1-424b-9868-57a2d4851a1d" relativeResultsDirectory="3125f69e-9eed-4d82-872f-e901ac6d7af8" />
  </Results>
  <TestDefinitions>
    <UnitTest name="Chet.Utils.Helpers.Tests.HttpClientHelperTests.GetAsync_NullUrl_ThrowsArgumentNullException" storage="e:\project\chet\chet.utils\chet.utils.tests\bin\debug\net8.0\chet.utils.tests.dll" id="82459fd8-134b-ad38-772c-eb97d192c0bc">
      <Execution id="a636bb1e-381a-412a-a4a1-714559b11043" />
      <TestMethod codeBase="E:\Project\Chet\Chet.Utils\Chet.Utils.Tests\bin\Debug\net8.0\Chet.Utils.Tests.dll" adapterTypeName="executor://xunit/VsTestRunner2/netcoreapp" className="Chet.Utils.Helpers.Tests.HttpClientHelperTests" name="GetAsync_NullUrl_ThrowsArgumentNullException" />
    </UnitTest>
    <UnitTest name="Chet.Utils.Helpers.Tests.HttpClientHelperTests.SerializeToJson_ValidObject_ReturnsJsonString" storage="e:\project\chet\chet.utils\chet.utils.tests\bin\debug\net8.0\chet.utils.tests.dll" id="f8de72d7-507e-46a9-0f18-380df754f02e">
      <Execution id="92a456c5-8e91-4420-b1ee-e08b8cbe5668" />
      <TestMethod codeBase="E:\Project\Chet\Chet.Utils\Chet.Utils.Tests\bin\Debug\net8.0\Chet.Utils.Tests.dll" adapterTypeName="executor://xunit/VsTestRunner2/netcoreapp" className="Chet.Utils.Helpers.Tests.HttpClientHelperTests" name="SerializeToJson_ValidObject_ReturnsJsonString" />
    </UnitTest>
    <UnitTest name="Chet.Utils.Helpers.Tests.HttpClientHelperTests.PostAsync_ValidUrl_ReturnsHttpResponseMessage" storage="e:\project\chet\chet.utils\chet.utils.tests\bin\debug\net8.0\chet.utils.tests.dll" id="5096e97f-afb1-e657-97a4-92171bc355d5">
      <Execution id="3125f69e-9eed-4d82-872f-e901ac6d7af8" />
      <TestMethod codeBase="E:\Project\Chet\Chet.Utils\Chet.Utils.Tests\bin\Debug\net8.0\Chet.Utils.Tests.dll" adapterTypeName="executor://xunit/VsTestRunner2/netcoreapp" className="Chet.Utils.Helpers.Tests.HttpClientHelperTests" name="PostAsync_ValidUrl_ReturnsHttpResponseMessage" />
    </UnitTest>
    <UnitTest name="Chet.Utils.Helpers.Tests.HttpClientHelperTests.GetStringAsync_ValidUrl_ReturnsStringContent" storage="e:\project\chet\chet.utils\chet.utils.tests\bin\debug\net8.0\chet.utils.tests.dll" id="9f0d188d-37cd-23c3-9364-f63a1e48458a">
      <Execution id="296bb018-3ad2-4e64-b8b6-4fcc699f634e" />
      <TestMethod codeBase="E:\Project\Chet\Chet.Utils\Chet.Utils.Tests\bin\Debug\net8.0\Chet.Utils.Tests.dll" adapterTypeName="executor://xunit/VsTestRunner2/netcoreapp" className="Chet.Utils.Helpers.Tests.HttpClientHelperTests" name="GetStringAsync_ValidUrl_ReturnsStringContent" />
    </UnitTest>
    <UnitTest name="Chet.Utils.Helpers.Tests.HttpClientHelperTests.SendSequentialAsync_MultipleRequests_ReturnsResponses" storage="e:\project\chet\chet.utils\chet.utils.tests\bin\debug\net8.0\chet.utils.tests.dll" id="b267ea4d-8d7d-6959-5444-ac00f9f1df7a">
      <Execution id="7bf4999a-a5f7-4394-820d-867d2590b5aa" />
      <TestMethod codeBase="E:\Project\Chet\Chet.Utils\Chet.Utils.Tests\bin\Debug\net8.0\Chet.Utils.Tests.dll" adapterTypeName="executor://xunit/VsTestRunner2/netcoreapp" className="Chet.Utils.Helpers.Tests.HttpClientHelperTests" name="SendSequentialAsync_MultipleRequests_ReturnsResponses" />
    </UnitTest>
    <UnitTest name="Chet.Utils.Helpers.Tests.HttpClientHelperTests.HeadAsync_ValidUrl_ReturnsHttpResponseMessage" storage="e:\project\chet\chet.utils\chet.utils.tests\bin\debug\net8.0\chet.utils.tests.dll" id="e3656f15-d259-9fb8-6ec8-f72b805988a2">
      <Execution id="7a0d8ee9-7fde-4b86-98b2-f8e8cb254ec4" />
      <TestMethod codeBase="E:\Project\Chet\Chet.Utils\Chet.Utils.Tests\bin\Debug\net8.0\Chet.Utils.Tests.dll" adapterTypeName="executor://xunit/VsTestRunner2/netcoreapp" className="Chet.Utils.Helpers.Tests.HttpClientHelperTests" name="HeadAsync_ValidUrl_ReturnsHttpResponseMessage" />
    </UnitTest>
    <UnitTest name="Chet.Utils.Helpers.Tests.HttpClientHelperTests.SendBatchAsync_InvalidMaxConcurrency_ThrowsArgumentOutOfRangeException" storage="e:\project\chet\chet.utils\chet.utils.tests\bin\debug\net8.0\chet.utils.tests.dll" id="a27a49d0-2a0d-374d-920b-0cc6e4ec7d36">
      <Execution id="6cc695f8-ccb4-40ad-87df-fafbd8a9dee7" />
      <TestMethod codeBase="E:\Project\Chet\Chet.Utils\Chet.Utils.Tests\bin\Debug\net8.0\Chet.Utils.Tests.dll" adapterTypeName="executor://xunit/VsTestRunner2/netcoreapp" className="Chet.Utils.Helpers.Tests.HttpClientHelperTests" name="SendBatchAsync_InvalidMaxConcurrency_ThrowsArgumentOutOfRangeException" />
    </UnitTest>
    <UnitTest name="Chet.Utils.Helpers.Tests.HttpClientHelperTests.GetStatistics_AfterRequests_ReturnsCorrectCounts" storage="e:\project\chet\chet.utils\chet.utils.tests\bin\debug\net8.0\chet.utils.tests.dll" id="bf2532e4-32bc-c86a-7789-27840fe932ef">
      <Execution id="668518b0-f357-4a19-b4f6-5d23b9133efc" />
      <TestMethod codeBase="E:\Project\Chet\Chet.Utils\Chet.Utils.Tests\bin\Debug\net8.0\Chet.Utils.Tests.dll" adapterTypeName="executor://xunit/VsTestRunner2/netcoreapp" className="Chet.Utils.Helpers.Tests.HttpClientHelperTests" name="GetStatistics_AfterRequests_ReturnsCorrectCounts" />
    </UnitTest>
    <UnitTest name="Chet.Utils.Helpers.Tests.HttpClientHelperTests.AddDefaultHeader_ValidHeader_AddsHeader" storage="e:\project\chet\chet.utils\chet.utils.tests\bin\debug\net8.0\chet.utils.tests.dll" id="e6f97310-fdcd-b4e9-0ff9-109e167df4d8">
      <Execution id="4bc19a0d-d28a-4504-a5be-64184eca6f2c" />
      <TestMethod codeBase="E:\Project\Chet\Chet.Utils\Chet.Utils.Tests\bin\Debug\net8.0\Chet.Utils.Tests.dll" adapterTypeName="executor://xunit/VsTestRunner2/netcoreapp" className="Chet.Utils.Helpers.Tests.HttpClientHelperTests" name="AddDefaultHeader_ValidHeader_AddsHeader" />
    </UnitTest>
    <UnitTest name="Chet.Utils.Helpers.Tests.HttpClientHelperTests.PostFormAsync_NullFormData_ThrowsArgumentNullException" storage="e:\project\chet\chet.utils\chet.utils.tests\bin\debug\net8.0\chet.utils.tests.dll" id="95c05d38-4193-2ed9-5ce4-54310a65e361">
      <Execution id="4c9ac995-7f99-4f17-85c0-b3c2c6c2f71b" />
      <TestMethod codeBase="E:\Project\Chet\Chet.Utils\Chet.Utils.Tests\bin\Debug\net8.0\Chet.Utils.Tests.dll" adapterTypeName="executor://xunit/VsTestRunner2/netcoreapp" className="Chet.Utils.Helpers.Tests.HttpClientHelperTests" name="PostFormAsync_NullFormData_ThrowsArgumentNullException" />
    </UnitTest>
    <UnitTest name="Chet.Utils.Helpers.Tests.HttpClientHelperTests.GetAsyncT_ValidUrl_ReturnsDeserializedObject" storage="e:\project\chet\chet.utils\chet.utils.tests\bin\debug\net8.0\chet.utils.tests.dll" id="e4e6c2bf-4af1-43f1-63a5-93a6e0efa19f">
      <Execution id="ec40cea2-656b-4729-a8bf-0c7b3ce3d7c5" />
      <TestMethod codeBase="E:\Project\Chet\Chet.Utils\Chet.Utils.Tests\bin\Debug\net8.0\Chet.Utils.Tests.dll" adapterTypeName="executor://xunit/VsTestRunner2/netcoreapp" className="Chet.Utils.Helpers.Tests.HttpClientHelperTests" name="GetAsyncT_ValidUrl_ReturnsDeserializedObject" />
    </UnitTest>
    <UnitTest name="Chet.Utils.Helpers.Tests.HttpClientHelperTests.AddResponseInterceptor_InterceptorIsCalled" storage="e:\project\chet\chet.utils\chet.utils.tests\bin\debug\net8.0\chet.utils.tests.dll" id="1e2a51cf-3b02-2984-e135-bc670aa33ef7">
      <Execution id="c66fee04-f593-4675-a992-fd4bf97a2f60" />
      <TestMethod codeBase="E:\Project\Chet\Chet.Utils\Chet.Utils.Tests\bin\Debug\net8.0\Chet.Utils.Tests.dll" adapterTypeName="executor://xunit/VsTestRunner2/netcoreapp" className="Chet.Utils.Helpers.Tests.HttpClientHelperTests" name="AddResponseInterceptor_InterceptorIsCalled" />
    </UnitTest>
    <UnitTest name="Chet.Utils.Helpers.Tests.HttpClientHelperTests.SetDefaultTimeout_ZeroTimeout_ThrowsArgumentOutOfRangeException" storage="e:\project\chet\chet.utils\chet.utils.tests\bin\debug\net8.0\chet.utils.tests.dll" id="8506d6e2-7ca2-31ae-c58b-e24f0cca196c">
      <Execution id="c7bdb4f1-f3b1-4796-8645-fb9cbd235d38" />
      <TestMethod codeBase="E:\Project\Chet\Chet.Utils\Chet.Utils.Tests\bin\Debug\net8.0\Chet.Utils.Tests.dll" adapterTypeName="executor://xunit/VsTestRunner2/netcoreapp" className="Chet.Utils.Helpers.Tests.HttpClientHelperTests" name="SetDefaultTimeout_ZeroTimeout_ThrowsArgumentOutOfRangeException" />
    </UnitTest>
    <UnitTest name="Chet.Utils.Helpers.Tests.HttpClientHelperTests.SetMaxConnectionsPerServer_ValidValue_SetsValue" storage="e:\project\chet\chet.utils\chet.utils.tests\bin\debug\net8.0\chet.utils.tests.dll" id="87d1c7bc-c76d-4fca-6d78-7a3e9fd69e9d">
      <Execution id="47860ca1-cd8f-4ffc-9325-e3c1d78d0caf" />
      <TestMethod codeBase="E:\Project\Chet\Chet.Utils\Chet.Utils.Tests\bin\Debug\net8.0\Chet.Utils.Tests.dll" adapterTypeName="executor://xunit/VsTestRunner2/netcoreapp" className="Chet.Utils.Helpers.Tests.HttpClientHelperTests" name="SetMaxConnectionsPerServer_ValidValue_SetsValue" />
    </UnitTest>
    <UnitTest name="Chet.Utils.Helpers.Tests.HttpClientHelperTests.Dispose_CalledMultipleTimes_DoesNotThrow" storage="e:\project\chet\chet.utils\chet.utils.tests\bin\debug\net8.0\chet.utils.tests.dll" id="8ca2b52f-ec45-107f-171b-d5ff5cbdd62a">
      <Execution id="41e3f844-7887-4ac6-b1e2-8eb936cf2be6" />
      <TestMethod codeBase="E:\Project\Chet\Chet.Utils\Chet.Utils.Tests\bin\Debug\net8.0\Chet.Utils.Tests.dll" adapterTypeName="executor://xunit/VsTestRunner2/netcoreapp" className="Chet.Utils.Helpers.Tests.HttpClientHelperTests" name="Dispose_CalledMultipleTimes_DoesNotThrow" />
    </UnitTest>
    <UnitTest name="Chet.Utils.Helpers.Tests.HttpClientHelperTests.GetAsync_FtpUrl_ThrowsArgumentException" storage="e:\project\chet\chet.utils\chet.utils.tests\bin\debug\net8.0\chet.utils.tests.dll" id="34602a11-5f9a-aabc-b2e9-faf05f72efb5">
      <Execution id="292a90a6-a4ef-4587-90c3-b639d42c0bcd" />
      <TestMethod codeBase="E:\Project\Chet\Chet.Utils\Chet.Utils.Tests\bin\Debug\net8.0\Chet.Utils.Tests.dll" adapterTypeName="executor://xunit/VsTestRunner2/netcoreapp" className="Chet.Utils.Helpers.Tests.HttpClientHelperTests" name="GetAsync_FtpUrl_ThrowsArgumentException" />
    </UnitTest>
    <UnitTest name="Chet.Utils.Helpers.Tests.HttpClientHelperTests.GetHttpClient_ReturnsHttpClientInstance" storage="e:\project\chet\chet.utils\chet.utils.tests\bin\debug\net8.0\chet.utils.tests.dll" id="4cfabfd6-79a6-3fc4-d7af-295ae852f27b">
      <Execution id="b513d5a0-41fe-4d15-b501-20306f5091ef" />
      <TestMethod codeBase="E:\Project\Chet\Chet.Utils\Chet.Utils.Tests\bin\Debug\net8.0\Chet.Utils.Tests.dll" adapterTypeName="executor://xunit/VsTestRunner2/netcoreapp" className="Chet.Utils.Helpers.Tests.HttpClientHelperTests" name="GetHttpClient_ReturnsHttpClientInstance" />
    </UnitTest>
    <UnitTest name="Chet.Utils.Helpers.Tests.HttpClientHelperTests.GetWithAuthAsync_NullToken_ThrowsArgumentNullException" storage="e:\project\chet\chet.utils\chet.utils.tests\bin\debug\net8.0\chet.utils.tests.dll" id="38029b8b-dd9c-d63d-bf7b-c6612b330372">
      <Execution id="fbba700e-269a-4dcc-b403-a4b6624581cc" />
      <TestMethod codeBase="E:\Project\Chet\Chet.Utils\Chet.Utils.Tests\bin\Debug\net8.0\Chet.Utils.Tests.dll" adapterTypeName="executor://xunit/VsTestRunner2/netcoreapp" className="Chet.Utils.Helpers.Tests.HttpClientHelperTests" name="GetWithAuthAsync_NullToken_ThrowsArgumentNullException" />
    </UnitTest>
    <UnitTest name="Chet.Utils.Helpers.Tests.HttpClientHelperTests.DeleteAsync_ValidUrl_ReturnsHttpResponseMessage" storage="e:\project\chet\chet.utils\chet.utils.tests\bin\debug\net8.0\chet.utils.tests.dll" id="a5d14b54-02a3-9a4e-e568-47f40dbf3d8d">
      <Execution id="7e93bf7a-97f1-4262-815f-7f605b6c6bb7" />
      <TestMethod codeBase="E:\Project\Chet\Chet.Utils\Chet.Utils.Tests\bin\Debug\net8.0\Chet.Utils.Tests.dll" adapterTypeName="executor://xunit/VsTestRunner2/netcoreapp" className="Chet.Utils.Helpers.Tests.HttpClientHelperTests" name="DeleteAsync_ValidUrl_ReturnsHttpResponseMessage" />
    </UnitTest>
    <UnitTest name="Chet.Utils.Helpers.Tests.HttpClientHelperTests.GetAsync_ValidUrl_ReturnsHttpResponseMessage" storage="e:\project\chet\chet.utils\chet.utils.tests\bin\debug\net8.0\chet.utils.tests.dll" id="79dc8387-edea-a40f-604c-ebdf18da680a">
      <Execution id="9ff0b813-412f-4743-bec6-edd0293b0d02" />
      <TestMethod codeBase="E:\Project\Chet\Chet.Utils\Chet.Utils.Tests\bin\Debug\net8.0\Chet.Utils.Tests.dll" adapterTypeName="executor://xunit/VsTestRunner2/netcoreapp" className="Chet.Utils.Helpers.Tests.HttpClientHelperTests" name="GetAsync_ValidUrl_ReturnsHttpResponseMessage" />
    </UnitTest>
    <UnitTest name="Chet.Utils.Helpers.Tests.HttpClientHelperTests.GetAsync_InvalidUrl_ThrowsArgumentException" storage="e:\project\chet\chet.utils\chet.utils.tests\bin\debug\net8.0\chet.utils.tests.dll" id="9d61a98d-5a35-e1e2-d2f2-f09c6d1c335b">
      <Execution id="97da66e3-315c-4c2a-85c3-dc58ac68cb77" />
      <TestMethod codeBase="E:\Project\Chet\Chet.Utils\Chet.Utils.Tests\bin\Debug\net8.0\Chet.Utils.Tests.dll" adapterTypeName="executor://xunit/VsTestRunner2/netcoreapp" className="Chet.Utils.Helpers.Tests.HttpClientHelperTests" name="GetAsync_InvalidUrl_ThrowsArgumentException" />
    </UnitTest>
    <UnitTest name="Chet.Utils.Helpers.Tests.HttpClientHelperTests.SendSequentialAsync_NullRequests_ThrowsArgumentNullException" storage="e:\project\chet\chet.utils\chet.utils.tests\bin\debug\net8.0\chet.utils.tests.dll" id="632bb288-3da3-7bd6-9301-8de79ff45797">
      <Execution id="c1604f40-a7cc-4b73-934e-a043a5a2d201" />
      <TestMethod codeBase="E:\Project\Chet\Chet.Utils\Chet.Utils.Tests\bin\Debug\net8.0\Chet.Utils.Tests.dll" adapterTypeName="executor://xunit/VsTestRunner2/netcoreapp" className="Chet.Utils.Helpers.Tests.HttpClientHelperTests" name="SendSequentialAsync_NullRequests_ThrowsArgumentNullException" />
    </UnitTest>
    <UnitTest name="Chet.Utils.Helpers.Tests.HttpClientHelperTests.RemoveDefaultHeader_ExistingHeader_RemovesHeader" storage="e:\project\chet\chet.utils\chet.utils.tests\bin\debug\net8.0\chet.utils.tests.dll" id="244063d2-e2b2-535c-694a-08f819509fff">
      <Execution id="2e0b5ea7-6544-47f7-ac38-fc91f9bf13c9" />
      <TestMethod codeBase="E:\Project\Chet\Chet.Utils\Chet.Utils.Tests\bin\Debug\net8.0\Chet.Utils.Tests.dll" adapterTypeName="executor://xunit/VsTestRunner2/netcoreapp" className="Chet.Utils.Helpers.Tests.HttpClientHelperTests" name="RemoveDefaultHeader_ExistingHeader_RemovesHeader" />
    </UnitTest>
    <UnitTest name="Chet.Utils.Helpers.Tests.HttpClientHelperTests.DownloadFileAsync_ValidUrl_DownloadsFile" storage="e:\project\chet\chet.utils\chet.utils.tests\bin\debug\net8.0\chet.utils.tests.dll" id="0cca12bc-ea0f-670f-2f60-2f8b589a8322">
      <Execution id="b9c16a56-64e9-40d0-854e-7bf9e83429c0" />
      <TestMethod codeBase="E:\Project\Chet\Chet.Utils\Chet.Utils.Tests\bin\Debug\net8.0\Chet.Utils.Tests.dll" adapterTypeName="executor://xunit/VsTestRunner2/netcoreapp" className="Chet.Utils.Helpers.Tests.HttpClientHelperTests" name="DownloadFileAsync_ValidUrl_DownloadsFile" />
    </UnitTest>
    <UnitTest name="Chet.Utils.Helpers.Tests.HttpClientHelperTests.PatchAsync_ValidUrl_ReturnsHttpResponseMessage" storage="e:\project\chet\chet.utils\chet.utils.tests\bin\debug\net8.0\chet.utils.tests.dll" id="ecdb576d-e08c-1372-8641-d2ae430c69f1">
      <Execution id="c63dede7-57d9-4f7f-85c4-b991d1c7d65f" />
      <TestMethod codeBase="E:\Project\Chet\Chet.Utils\Chet.Utils.Tests\bin\Debug\net8.0\Chet.Utils.Tests.dll" adapterTypeName="executor://xunit/VsTestRunner2/netcoreapp" className="Chet.Utils.Helpers.Tests.HttpClientHelperTests" name="PatchAsync_ValidUrl_ReturnsHttpResponseMessage" />
    </UnitTest>
    <UnitTest name="Chet.Utils.Helpers.Tests.HttpClientHelperTests.UploadFileAsync_ValidFile_UploadsFile" storage="e:\project\chet\chet.utils\chet.utils.tests\bin\debug\net8.0\chet.utils.tests.dll" id="85eacced-fbf8-379d-30b8-62691abb2c36">
      <Execution id="774dc79d-5fe8-4c01-a771-ed07d7d2ea4a" />
      <TestMethod codeBase="E:\Project\Chet\Chet.Utils\Chet.Utils.Tests\bin\Debug\net8.0\Chet.Utils.Tests.dll" adapterTypeName="executor://xunit/VsTestRunner2/netcoreapp" className="Chet.Utils.Helpers.Tests.HttpClientHelperTests" name="UploadFileAsync_ValidFile_UploadsFile" />
    </UnitTest>
    <UnitTest name="Chet.Utils.Helpers.Tests.HttpClientHelperTests.ConfigureJsonOptions_ValidAction_UpdatesOptions" storage="e:\project\chet\chet.utils\chet.utils.tests\bin\debug\net8.0\chet.utils.tests.dll" id="230cc054-54fc-7359-6da7-b7ff787d4ab0">
      <Execution id="1997090a-eda9-4fa3-8e21-e144129428e8" />
      <TestMethod codeBase="E:\Project\Chet\Chet.Utils\Chet.Utils.Tests\bin\Debug\net8.0\Chet.Utils.Tests.dll" adapterTypeName="executor://xunit/VsTestRunner2/netcoreapp" className="Chet.Utils.Helpers.Tests.HttpClientHelperTests" name="ConfigureJsonOptions_ValidAction_UpdatesOptions" />
    </UnitTest>
    <UnitTest name="Chet.Utils.Helpers.Tests.HttpClientHelperTests.SetAutomaticDecompression_Enabled_SetsDecompression" storage="e:\project\chet\chet.utils\chet.utils.tests\bin\debug\net8.0\chet.utils.tests.dll" id="f68e81c0-542d-66ee-b2c2-cee7d5280b13">
      <Execution id="acea3765-b3a6-4b35-a24b-509c37a9bc75" />
      <TestMethod codeBase="E:\Project\Chet\Chet.Utils\Chet.Utils.Tests\bin\Debug\net8.0\Chet.Utils.Tests.dll" adapterTypeName="executor://xunit/VsTestRunner2/netcoreapp" className="Chet.Utils.Helpers.Tests.HttpClientHelperTests" name="SetAutomaticDecompression_Enabled_SetsDecompression" />
    </UnitTest>
    <UnitTest name="Chet.Utils.Helpers.Tests.HttpClientHelperTests.PutJsonAsync_ValidData_ReturnsHttpResponseMessage" storage="e:\project\chet\chet.utils\chet.utils.tests\bin\debug\net8.0\chet.utils.tests.dll" id="a1c187fa-3784-d987-7691-d46afaa70328">
      <Execution id="0185131a-7245-4b43-9dff-c294c39eb1fe" />
      <TestMethod codeBase="E:\Project\Chet\Chet.Utils\Chet.Utils.Tests\bin\Debug\net8.0\Chet.Utils.Tests.dll" adapterTypeName="executor://xunit/VsTestRunner2/netcoreapp" className="Chet.Utils.Helpers.Tests.HttpClientHelperTests" name="PutJsonAsync_ValidData_ReturnsHttpResponseMessage" />
    </UnitTest>
    <UnitTest name="Chet.Utils.Helpers.Tests.HttpClientHelperTests.UploadFileAsync_FileNotFound_ThrowsFileNotFoundException" storage="e:\project\chet\chet.utils\chet.utils.tests\bin\debug\net8.0\chet.utils.tests.dll" id="871666e1-196b-36d2-7e70-e7196d807b49">
      <Execution id="3839be0d-cd84-4e68-8f50-285ea02a1c30" />
      <TestMethod codeBase="E:\Project\Chet\Chet.Utils\Chet.Utils.Tests\bin\Debug\net8.0\Chet.Utils.Tests.dll" adapterTypeName="executor://xunit/VsTestRunner2/netcoreapp" className="Chet.Utils.Helpers.Tests.HttpClientHelperTests" name="UploadFileAsync_FileNotFound_ThrowsFileNotFoundException" />
    </UnitTest>
    <UnitTest name="Chet.Utils.Helpers.Tests.HttpClientHelperTests.ResetStatistics_ClearsAllCounts" storage="e:\project\chet\chet.utils\chet.utils.tests\bin\debug\net8.0\chet.utils.tests.dll" id="9af42fb7-5208-30fc-f313-417206df188e">
      <Execution id="4128e0e1-4f94-4e75-bebe-d034c2f17796" />
      <TestMethod codeBase="E:\Project\Chet\Chet.Utils\Chet.Utils.Tests\bin\Debug\net8.0\Chet.Utils.Tests.dll" adapterTypeName="executor://xunit/VsTestRunner2/netcoreapp" className="Chet.Utils.Helpers.Tests.HttpClientHelperTests" name="ResetStatistics_ClearsAllCounts" />
    </UnitTest>
    <UnitTest name="Chet.Utils.Helpers.Tests.HttpClientHelperTests.GetByteArrayAsync_ValidUrl_ReturnsByteArray" storage="e:\project\chet\chet.utils\chet.utils.tests\bin\debug\net8.0\chet.utils.tests.dll" id="58dc5fe7-9c9f-4219-79b3-5f12913083c9">
      <Execution id="25679bd1-968a-41c6-9a97-09f2199f4e34" />
      <TestMethod codeBase="E:\Project\Chet\Chet.Utils\Chet.Utils.Tests\bin\Debug\net8.0\Chet.Utils.Tests.dll" adapterTypeName="executor://xunit/VsTestRunner2/netcoreapp" className="Chet.Utils.Helpers.Tests.HttpClientHelperTests" name="GetByteArrayAsync_ValidUrl_ReturnsByteArray" />
    </UnitTest>
    <UnitTest name="Chet.Utils.Helpers.Tests.HttpClientHelperTests.GetWithTimeoutAsync_ValidTimeout_AppliesCancellationToken" storage="e:\project\chet\chet.utils\chet.utils.tests\bin\debug\net8.0\chet.utils.tests.dll" id="d2167f45-3b3e-3731-8f14-5bff23d4932c">
      <Execution id="ccc1fbf2-5199-4397-ba6f-b0967a978a33" />
      <TestMethod codeBase="E:\Project\Chet\Chet.Utils\Chet.Utils.Tests\bin\Debug\net8.0\Chet.Utils.Tests.dll" adapterTypeName="executor://xunit/VsTestRunner2/netcoreapp" className="Chet.Utils.Helpers.Tests.HttpClientHelperTests" name="GetWithTimeoutAsync_ValidTimeout_AppliesCancellationToken" />
    </UnitTest>
    <UnitTest name="Chet.Utils.Helpers.Tests.HttpClientHelperTests.SendBatchAsync_MultipleRequests_ReturnsResponses" storage="e:\project\chet\chet.utils\chet.utils.tests\bin\debug\net8.0\chet.utils.tests.dll" id="5dc9c05b-0afa-fea5-529f-274d594546e8">
      <Execution id="146789f8-bece-4595-983b-36d5f82cc382" />
      <TestMethod codeBase="E:\Project\Chet\Chet.Utils\Chet.Utils.Tests\bin\Debug\net8.0\Chet.Utils.Tests.dll" adapterTypeName="executor://xunit/VsTestRunner2/netcoreapp" className="Chet.Utils.Helpers.Tests.HttpClientHelperTests" name="SendBatchAsync_MultipleRequests_ReturnsResponses" />
    </UnitTest>
    <UnitTest name="Chet.Utils.Helpers.Tests.HttpClientHelperTests.SetDefaultHeaders_ValidHeaders_AddsHeaders" storage="e:\project\chet\chet.utils\chet.utils.tests\bin\debug\net8.0\chet.utils.tests.dll" id="343c9d58-90b5-32ec-0927-937ddeedf3d5">
      <Execution id="37b2f368-a111-4fea-83b2-f25717a0414b" />
      <TestMethod codeBase="E:\Project\Chet\Chet.Utils\Chet.Utils.Tests\bin\Debug\net8.0\Chet.Utils.Tests.dll" adapterTypeName="executor://xunit/VsTestRunner2/netcoreapp" className="Chet.Utils.Helpers.Tests.HttpClientHelperTests" name="SetDefaultHeaders_ValidHeaders_AddsHeaders" />
    </UnitTest>
    <UnitTest name="Chet.Utils.Helpers.Tests.HttpClientHelperTests.GetWithBasicAuthAsync_ValidCredentials_AddsAuthorizationHeader" storage="e:\project\chet\chet.utils\chet.utils.tests\bin\debug\net8.0\chet.utils.tests.dll" id="7354c202-2e5e-5aa3-529f-67d64b7f9be8">
      <Execution id="6d718eaf-4bf6-4df5-b6ca-cf6aeb8919c2" />
      <TestMethod codeBase="E:\Project\Chet\Chet.Utils\Chet.Utils.Tests\bin\Debug\net8.0\Chet.Utils.Tests.dll" adapterTypeName="executor://xunit/VsTestRunner2/netcoreapp" className="Chet.Utils.Helpers.Tests.HttpClientHelperTests" name="GetWithBasicAuthAsync_ValidCredentials_AddsAuthorizationHeader" />
    </UnitTest>
    <UnitTest name="Chet.Utils.Helpers.Tests.HttpClientHelperTests.PostFormAsync_ValidFormData_ReturnsHttpResponseMessage" storage="e:\project\chet\chet.utils\chet.utils.tests\bin\debug\net8.0\chet.utils.tests.dll" id="ace105db-2acd-242c-ee29-5d57fdf987bc">
      <Execution id="e86ca148-1926-4dbb-ae1f-b48a1c424884" />
      <TestMethod codeBase="E:\Project\Chet\Chet.Utils\Chet.Utils.Tests\bin\Debug\net8.0\Chet.Utils.Tests.dll" adapterTypeName="executor://xunit/VsTestRunner2/netcoreapp" className="Chet.Utils.Helpers.Tests.HttpClientHelperTests" name="PostFormAsync_ValidFormData_ReturnsHttpResponseMessage" />
    </UnitTest>
    <UnitTest name="Chet.Utils.Helpers.Tests.HttpClientHelperTests.Constructor_WithNullHttpClient_ThrowsArgumentNullException" storage="e:\project\chet\chet.utils\chet.utils.tests\bin\debug\net8.0\chet.utils.tests.dll" id="bccef118-3182-496b-8ec3-0b7ffcc3da72">
      <Execution id="8a9a4890-d759-444e-acaf-ca47159e54eb" />
      <TestMethod codeBase="E:\Project\Chet\Chet.Utils\Chet.Utils.Tests\bin\Debug\net8.0\Chet.Utils.Tests.dll" adapterTypeName="executor://xunit/VsTestRunner2/netcoreapp" className="Chet.Utils.Helpers.Tests.HttpClientHelperTests" name="Constructor_WithNullHttpClient_ThrowsArgumentNullException" />
    </UnitTest>
    <UnitTest name="Chet.Utils.Helpers.Tests.HttpClientHelperTests.DeserializeFromJson_ValidJson_ReturnsObject" storage="e:\project\chet\chet.utils\chet.utils.tests\bin\debug\net8.0\chet.utils.tests.dll" id="48afee2a-6883-41e6-ce12-82757479efcf">
      <Execution id="900c6c98-5401-4a58-a0bf-d7996123e119" />
      <TestMethod codeBase="E:\Project\Chet\Chet.Utils\Chet.Utils.Tests\bin\Debug\net8.0\Chet.Utils.Tests.dll" adapterTypeName="executor://xunit/VsTestRunner2/netcoreapp" className="Chet.Utils.Helpers.Tests.HttpClientHelperTests" name="DeserializeFromJson_ValidJson_ReturnsObject" />
    </UnitTest>
    <UnitTest name="Chet.Utils.Helpers.Tests.HttpClientHelperTests.ClearInterceptors_RemovesAllInterceptors" storage="e:\project\chet\chet.utils\chet.utils.tests\bin\debug\net8.0\chet.utils.tests.dll" id="635df820-a336-19e1-a53c-fb38c6c66a61">
      <Execution id="a5557242-60f5-430c-b20f-9cdea1eabf62" />
      <TestMethod codeBase="E:\Project\Chet\Chet.Utils\Chet.Utils.Tests\bin\Debug\net8.0\Chet.Utils.Tests.dll" adapterTypeName="executor://xunit/VsTestRunner2/netcoreapp" className="Chet.Utils.Helpers.Tests.HttpClientHelperTests" name="ClearInterceptors_RemovesAllInterceptors" />
    </UnitTest>
    <UnitTest name="Chet.Utils.Helpers.Tests.HttpClientHelperTests.GetStatistics_InitialState_ReturnsZeroCounts" storage="e:\project\chet\chet.utils\chet.utils.tests\bin\debug\net8.0\chet.utils.tests.dll" id="61cc265e-fa70-0c61-5dce-37fbb998e583">
      <Execution id="e2ea4919-9e17-4284-8741-808d6744c136" />
      <TestMethod codeBase="E:\Project\Chet\Chet.Utils\Chet.Utils.Tests\bin\Debug\net8.0\Chet.Utils.Tests.dll" adapterTypeName="executor://xunit/VsTestRunner2/netcoreapp" className="Chet.Utils.Helpers.Tests.HttpClientHelperTests" name="GetStatistics_InitialState_ReturnsZeroCounts" />
    </UnitTest>
    <UnitTest name="Chet.Utils.Helpers.Tests.HttpClientHelperTests.OptionsAsync_ValidUrl_ReturnsHttpResponseMessage" storage="e:\project\chet\chet.utils\chet.utils.tests\bin\debug\net8.0\chet.utils.tests.dll" id="98c67275-4132-0580-e13d-9497e4b30b5f">
      <Execution id="7a1e5df4-b9d1-4d12-85c3-1ff5696740a4" />
      <TestMethod codeBase="E:\Project\Chet\Chet.Utils\Chet.Utils.Tests\bin\Debug\net8.0\Chet.Utils.Tests.dll" adapterTypeName="executor://xunit/VsTestRunner2/netcoreapp" className="Chet.Utils.Helpers.Tests.HttpClientHelperTests" name="OptionsAsync_ValidUrl_ReturnsHttpResponseMessage" />
    </UnitTest>
    <UnitTest name="Chet.Utils.Helpers.Tests.HttpClientHelperTests.GetWithApiKeyAsync_ValidApiKey_AddsHeader" storage="e:\project\chet\chet.utils\chet.utils.tests\bin\debug\net8.0\chet.utils.tests.dll" id="0373823b-d2f7-da76-ee44-efbdba64bf4e">
      <Execution id="8f75cedf-6d4c-433d-abfa-d0aebd04c9c0" />
      <TestMethod codeBase="E:\Project\Chet\Chet.Utils\Chet.Utils.Tests\bin\Debug\net8.0\Chet.Utils.Tests.dll" adapterTypeName="executor://xunit/VsTestRunner2/netcoreapp" className="Chet.Utils.Helpers.Tests.HttpClientHelperTests" name="GetWithApiKeyAsync_ValidApiKey_AddsHeader" />
    </UnitTest>
    <UnitTest name="Chet.Utils.Helpers.Tests.HttpClientHelperTests.Constructor_WithLogger_CreatesInstance" storage="e:\project\chet\chet.utils\chet.utils.tests\bin\debug\net8.0\chet.utils.tests.dll" id="3116c161-1c6f-093b-3a19-ae417c5d95d7">
      <Execution id="6efa0452-67d9-4882-b346-456f1d5ab4e8" />
      <TestMethod codeBase="E:\Project\Chet\Chet.Utils\Chet.Utils.Tests\bin\Debug\net8.0\Chet.Utils.Tests.dll" adapterTypeName="executor://xunit/VsTestRunner2/netcoreapp" className="Chet.Utils.Helpers.Tests.HttpClientHelperTests" name="Constructor_WithLogger_CreatesInstance" />
    </UnitTest>
    <UnitTest name="Chet.Utils.Helpers.Tests.HttpClientHelperTests.SetCookieContainer_ValidContainer_SetsContainer" storage="e:\project\chet\chet.utils\chet.utils.tests\bin\debug\net8.0\chet.utils.tests.dll" id="7e26f0d7-2254-798d-2102-d9234529803c">
      <Execution id="08b0acf2-1b7c-4bf7-ad56-2635958fb4a6" />
      <TestMethod codeBase="E:\Project\Chet\Chet.Utils\Chet.Utils.Tests\bin\Debug\net8.0\Chet.Utils.Tests.dll" adapterTypeName="executor://xunit/VsTestRunner2/netcoreapp" className="Chet.Utils.Helpers.Tests.HttpClientHelperTests" name="SetCookieContainer_ValidContainer_SetsContainer" />
    </UnitTest>
    <UnitTest name="Chet.Utils.Helpers.Tests.HttpClientHelperTests.EnableLogging_DisablesLogging" storage="e:\project\chet\chet.utils\chet.utils.tests\bin\debug\net8.0\chet.utils.tests.dll" id="df603487-8467-b77a-36b6-3b1cefc9bdd7">
      <Execution id="94435847-5055-4b6f-8680-8a85326aae9a" />
      <TestMethod codeBase="E:\Project\Chet\Chet.Utils\Chet.Utils.Tests\bin\Debug\net8.0\Chet.Utils.Tests.dll" adapterTypeName="executor://xunit/VsTestRunner2/netcoreapp" className="Chet.Utils.Helpers.Tests.HttpClientHelperTests" name="EnableLogging_DisablesLogging" />
    </UnitTest>
    <UnitTest name="Chet.Utils.Helpers.Tests.HttpClientHelperTests.GetWithRetryAsyncT_SuccessAfterRetry_ReturnsDeserializedObject" storage="e:\project\chet\chet.utils\chet.utils.tests\bin\debug\net8.0\chet.utils.tests.dll" id="8525813a-30e5-0ff6-afe9-ae42cd67bc60">
      <Execution id="c1ddae3a-a0ca-42cd-9b9c-fc183be976ad" />
      <TestMethod codeBase="E:\Project\Chet\Chet.Utils\Chet.Utils.Tests\bin\Debug\net8.0\Chet.Utils.Tests.dll" adapterTypeName="executor://xunit/VsTestRunner2/netcoreapp" className="Chet.Utils.Helpers.Tests.HttpClientHelperTests" name="GetWithRetryAsyncT_SuccessAfterRetry_ReturnsDeserializedObject" />
    </UnitTest>
    <UnitTest name="Chet.Utils.Helpers.Tests.HttpClientHelperTests.Constructor_WithOptions_CreatesInstance" storage="e:\project\chet\chet.utils\chet.utils.tests\bin\debug\net8.0\chet.utils.tests.dll" id="83e0e04a-204c-c559-47fb-9c6ad59d9ad6">
      <Execution id="da0599e1-537c-4c88-b7ee-7970037d363c" />
      <TestMethod codeBase="E:\Project\Chet\Chet.Utils\Chet.Utils.Tests\bin\Debug\net8.0\Chet.Utils.Tests.dll" adapterTypeName="executor://xunit/VsTestRunner2/netcoreapp" className="Chet.Utils.Helpers.Tests.HttpClientHelperTests" name="Constructor_WithOptions_CreatesInstance" />
    </UnitTest>
    <UnitTest name="Chet.Utils.Helpers.Tests.HttpClientHelperTests.DownloadFileAsync_EmptyFilePath_ThrowsArgumentNullException" storage="e:\project\chet\chet.utils\chet.utils.tests\bin\debug\net8.0\chet.utils.tests.dll" id="74e3b427-3b1c-266c-4e1d-2e8c3bc2dcb0">
      <Execution id="19f85900-32aa-4aa0-b9fa-a43c0c3ecce7" />
      <TestMethod codeBase="E:\Project\Chet\Chet.Utils\Chet.Utils.Tests\bin\Debug\net8.0\Chet.Utils.Tests.dll" adapterTypeName="executor://xunit/VsTestRunner2/netcoreapp" className="Chet.Utils.Helpers.Tests.HttpClientHelperTests" name="DownloadFileAsync_EmptyFilePath_ThrowsArgumentNullException" />
    </UnitTest>
    <UnitTest name="Chet.Utils.Helpers.Tests.HttpClientHelperTests.SendBatchAsync_NullRequests_ThrowsArgumentNullException" storage="e:\project\chet\chet.utils\chet.utils.tests\bin\debug\net8.0\chet.utils.tests.dll" id="03c8197e-6f68-189f-3ae2-eccdff04ca80">
      <Execution id="a266342e-9bca-4e8d-9bdf-fc4a88a5681e" />
      <TestMethod codeBase="E:\Project\Chet\Chet.Utils\Chet.Utils.Tests\bin\Debug\net8.0\Chet.Utils.Tests.dll" adapterTypeName="executor://xunit/VsTestRunner2/netcoreapp" className="Chet.Utils.Helpers.Tests.HttpClientHelperTests" name="SendBatchAsync_NullRequests_ThrowsArgumentNullException" />
    </UnitTest>
    <UnitTest name="Chet.Utils.Helpers.Tests.HttpClientHelperTests.DeserializeFromJson_EmptyJson_ThrowsArgumentNullException" storage="e:\project\chet\chet.utils\chet.utils.tests\bin\debug\net8.0\chet.utils.tests.dll" id="5afd01f1-2b25-6aff-1d73-c4d7269022d8">
      <Execution id="c6570c67-2ee5-4f7d-b843-321f6e2dddbd" />
      <TestMethod codeBase="E:\Project\Chet\Chet.Utils\Chet.Utils.Tests\bin\Debug\net8.0\Chet.Utils.Tests.dll" adapterTypeName="executor://xunit/VsTestRunner2/netcoreapp" className="Chet.Utils.Helpers.Tests.HttpClientHelperTests" name="DeserializeFromJson_EmptyJson_ThrowsArgumentNullException" />
    </UnitTest>
    <UnitTest name="Chet.Utils.Helpers.Tests.HttpClientHelperTests.PostJsonAsync_ValidData_ReturnsHttpResponseMessage" storage="e:\project\chet\chet.utils\chet.utils.tests\bin\debug\net8.0\chet.utils.tests.dll" id="d95fd044-0410-62d1-c43a-6b2108b32585">
      <Execution id="a92a8a09-5e74-48e9-acbe-becf15ceee75" />
      <TestMethod codeBase="E:\Project\Chet\Chet.Utils\Chet.Utils.Tests\bin\Debug\net8.0\Chet.Utils.Tests.dll" adapterTypeName="executor://xunit/VsTestRunner2/netcoreapp" className="Chet.Utils.Helpers.Tests.HttpClientHelperTests" name="PostJsonAsync_ValidData_ReturnsHttpResponseMessage" />
    </UnitTest>
    <UnitTest name="Chet.Utils.Helpers.Tests.HttpClientHelperTests.DownloadFileAsync_WithProgressCallback_ReportsProgress" storage="e:\project\chet\chet.utils\chet.utils.tests\bin\debug\net8.0\chet.utils.tests.dll" id="5f764f43-8aed-7396-4cc9-3738f1566ff6">
      <Execution id="1d4ec0fa-80c3-470e-9c8b-f242e2ee3d56" />
      <TestMethod codeBase="E:\Project\Chet\Chet.Utils\Chet.Utils.Tests\bin\Debug\net8.0\Chet.Utils.Tests.dll" adapterTypeName="executor://xunit/VsTestRunner2/netcoreapp" className="Chet.Utils.Helpers.Tests.HttpClientHelperTests" name="DownloadFileAsync_WithProgressCallback_ReportsProgress" />
    </UnitTest>
    <UnitTest name="Chet.Utils.Helpers.Tests.HttpClientHelperTests.SetMaxConnectionsPerServer_InvalidValue_ThrowsArgumentOutOfRangeException" storage="e:\project\chet\chet.utils\chet.utils.tests\bin\debug\net8.0\chet.utils.tests.dll" id="d5fb18a9-4c50-dd86-7a8b-d503f15a8753">
      <Execution id="74b96fc7-226b-4459-afac-862e35bed9bd" />
      <TestMethod codeBase="E:\Project\Chet\Chet.Utils\Chet.Utils.Tests\bin\Debug\net8.0\Chet.Utils.Tests.dll" adapterTypeName="executor://xunit/VsTestRunner2/netcoreapp" className="Chet.Utils.Helpers.Tests.HttpClientHelperTests" name="SetMaxConnectionsPerServer_InvalidValue_ThrowsArgumentOutOfRangeException" />
    </UnitTest>
    <UnitTest name="Chet.Utils.Helpers.Tests.HttpClientHelperTests.GetWithApiKeyAsync_CustomHeaderName_AddsCorrectHeader" storage="e:\project\chet\chet.utils\chet.utils.tests\bin\debug\net8.0\chet.utils.tests.dll" id="edd9b7fa-a814-25c2-bdf6-4fe9fc58b9d7">
      <Execution id="54aa4734-1e34-4662-ba33-5cd7f2f04cdb" />
      <TestMethod codeBase="E:\Project\Chet\Chet.Utils\Chet.Utils.Tests\bin\Debug\net8.0\Chet.Utils.Tests.dll" adapterTypeName="executor://xunit/VsTestRunner2/netcoreapp" className="Chet.Utils.Helpers.Tests.HttpClientHelperTests" name="GetWithApiKeyAsync_CustomHeaderName_AddsCorrectHeader" />
    </UnitTest>
    <UnitTest name="Chet.Utils.Helpers.Tests.HttpClientHelperTests.UploadFileAsync_WithProgressCallback_ReportsProgress" storage="e:\project\chet\chet.utils\chet.utils.tests\bin\debug\net8.0\chet.utils.tests.dll" id="b32a46a0-b9f3-f06d-4e0e-ee551962b363">
      <Execution id="29c55093-bf18-49a0-a5d1-81b1bd678fa0" />
      <TestMethod codeBase="E:\Project\Chet\Chet.Utils\Chet.Utils.Tests\bin\Debug\net8.0\Chet.Utils.Tests.dll" adapterTypeName="executor://xunit/VsTestRunner2/netcoreapp" className="Chet.Utils.Helpers.Tests.HttpClientHelperTests" name="UploadFileAsync_WithProgressCallback_ReportsProgress" />
    </UnitTest>
    <UnitTest name="Chet.Utils.Helpers.Tests.HttpClientHelperTests.PostJsonAsyncT_ValidData_ReturnsDeserializedObject" storage="e:\project\chet\chet.utils\chet.utils.tests\bin\debug\net8.0\chet.utils.tests.dll" id="90e1f8f5-068c-39b5-1c14-35356092733d">
      <Execution id="b3901e3d-9c8f-4b24-8eda-c3f4b7f27659" />
      <TestMethod codeBase="E:\Project\Chet\Chet.Utils\Chet.Utils.Tests\bin\Debug\net8.0\Chet.Utils.Tests.dll" adapterTypeName="executor://xunit/VsTestRunner2/netcoreapp" className="Chet.Utils.Helpers.Tests.HttpClientHelperTests" name="PostJsonAsyncT_ValidData_ReturnsDeserializedObject" />
    </UnitTest>
    <UnitTest name="Chet.Utils.Helpers.Tests.HttpClientHelperTests.Dispose_CalledOnce_DisposesResources" storage="e:\project\chet\chet.utils\chet.utils.tests\bin\debug\net8.0\chet.utils.tests.dll" id="e4913b2c-6baf-9b4a-45bd-41312e8b67d5">
      <Execution id="8173dc3d-e13e-49a9-907b-8cd01195b4d1" />
      <TestMethod codeBase="E:\Project\Chet\Chet.Utils\Chet.Utils.Tests\bin\Debug\net8.0\Chet.Utils.Tests.dll" adapterTypeName="executor://xunit/VsTestRunner2/netcoreapp" className="Chet.Utils.Helpers.Tests.HttpClientHelperTests" name="Dispose_CalledOnce_DisposesResources" />
    </UnitTest>
    <UnitTest name="Chet.Utils.Helpers.Tests.HttpClientHelperTests.SetDefaultTimeout_ValidTimeout_SetsTimeout" storage="e:\project\chet\chet.utils\chet.utils.tests\bin\debug\net8.0\chet.utils.tests.dll" id="02201217-f2af-32d9-fcdc-25377ab6e05b">
      <Execution id="fbfaf835-ae6a-429c-8599-1294165f4d65" />
      <TestMethod codeBase="E:\Project\Chet\Chet.Utils\Chet.Utils.Tests\bin\Debug\net8.0\Chet.Utils.Tests.dll" adapterTypeName="executor://xunit/VsTestRunner2/netcoreapp" className="Chet.Utils.Helpers.Tests.HttpClientHelperTests" name="SetDefaultTimeout_ValidTimeout_SetsTimeout" />
    </UnitTest>
    <UnitTest name="Chet.Utils.Helpers.Tests.HttpClientHelperTests.GetWithAuthAsync_ValidToken_AddsAuthorizationHeader" storage="e:\project\chet\chet.utils\chet.utils.tests\bin\debug\net8.0\chet.utils.tests.dll" id="31e2974b-e79f-74b3-4b4b-e0baba37a2c6">
      <Execution id="f56ab84a-dcf2-4373-b9ab-78bd32a5176a" />
      <TestMethod codeBase="E:\Project\Chet\Chet.Utils\Chet.Utils.Tests\bin\Debug\net8.0\Chet.Utils.Tests.dll" adapterTypeName="executor://xunit/VsTestRunner2/netcoreapp" className="Chet.Utils.Helpers.Tests.HttpClientHelperTests" name="GetWithAuthAsync_ValidToken_AddsAuthorizationHeader" />
    </UnitTest>
    <UnitTest name="Chet.Utils.Helpers.Tests.HttpClientHelperTests.GetWithRetryAsync_SuccessOnFirstTry_ReturnsResponse" storage="e:\project\chet\chet.utils\chet.utils.tests\bin\debug\net8.0\chet.utils.tests.dll" id="fce2f0f9-6efd-d78b-3ff6-38e623c097d5">
      <Execution id="74153b13-14cc-4d5d-81ea-7250f9a3bd31" />
      <TestMethod codeBase="E:\Project\Chet\Chet.Utils\Chet.Utils.Tests\bin\Debug\net8.0\Chet.Utils.Tests.dll" adapterTypeName="executor://xunit/VsTestRunner2/netcoreapp" className="Chet.Utils.Helpers.Tests.HttpClientHelperTests" name="GetWithRetryAsync_SuccessOnFirstTry_ReturnsResponse" />
    </UnitTest>
    <UnitTest name="Chet.Utils.Helpers.Tests.HttpClientHelperTests.Constructor_WithHttpClient_CreatesInstance" storage="e:\project\chet\chet.utils\chet.utils.tests\bin\debug\net8.0\chet.utils.tests.dll" id="5275150f-4e63-d3de-43f2-7345a37d3e31">
      <Execution id="f6e3a740-e839-4eb0-bbb3-6b594750af65" />
      <TestMethod codeBase="E:\Project\Chet\Chet.Utils\Chet.Utils.Tests\bin\Debug\net8.0\Chet.Utils.Tests.dll" adapterTypeName="executor://xunit/VsTestRunner2/netcoreapp" className="Chet.Utils.Helpers.Tests.HttpClientHelperTests" name="Constructor_WithHttpClient_CreatesInstance" />
    </UnitTest>
    <UnitTest name="Chet.Utils.Helpers.Tests.HttpClientHelperTests.SetDefaultHeaders_NullHeaders_ThrowsArgumentNullException" storage="e:\project\chet\chet.utils\chet.utils.tests\bin\debug\net8.0\chet.utils.tests.dll" id="dc549edb-2214-26bd-f221-e8a6c7bef585">
      <Execution id="7e4b2c09-62e4-4baf-a215-69296b825c44" />
      <TestMethod codeBase="E:\Project\Chet\Chet.Utils\Chet.Utils.Tests\bin\Debug\net8.0\Chet.Utils.Tests.dll" adapterTypeName="executor://xunit/VsTestRunner2/netcoreapp" className="Chet.Utils.Helpers.Tests.HttpClientHelperTests" name="SetDefaultHeaders_NullHeaders_ThrowsArgumentNullException" />
    </UnitTest>
    <UnitTest name="Chet.Utils.Helpers.Tests.HttpClientHelperTests.DeleteAsyncT_ValidUrl_ReturnsDeserializedObject" storage="e:\project\chet\chet.utils\chet.utils.tests\bin\debug\net8.0\chet.utils.tests.dll" id="25c66f95-fa61-81d4-1b2a-3a9e8c94910a">
      <Execution id="ba1b2670-bba4-4ad5-b02e-c2b20e4f56e1" />
      <TestMethod codeBase="E:\Project\Chet\Chet.Utils\Chet.Utils.Tests\bin\Debug\net8.0\Chet.Utils.Tests.dll" adapterTypeName="executor://xunit/VsTestRunner2/netcoreapp" className="Chet.Utils.Helpers.Tests.HttpClientHelperTests" name="DeleteAsyncT_ValidUrl_ReturnsDeserializedObject" />
    </UnitTest>
    <UnitTest name="Chet.Utils.Helpers.Tests.HttpClientHelperTests.GetStringAsync_NonSuccessStatusCode_ThrowsHttpRequestException" storage="e:\project\chet\chet.utils\chet.utils.tests\bin\debug\net8.0\chet.utils.tests.dll" id="589482bb-7d9a-b8bf-b83c-60efc95e7344">
      <Execution id="091a37a1-6290-4c51-9b46-fb588b65cfa6" />
      <TestMethod codeBase="E:\Project\Chet\Chet.Utils\Chet.Utils.Tests\bin\Debug\net8.0\Chet.Utils.Tests.dll" adapterTypeName="executor://xunit/VsTestRunner2/netcoreapp" className="Chet.Utils.Helpers.Tests.HttpClientHelperTests" name="GetStringAsync_NonSuccessStatusCode_ThrowsHttpRequestException" />
    </UnitTest>
    <UnitTest name="Chet.Utils.Helpers.Tests.HttpClientHelperTests.Constructor_WithoutLogger_CreatesInstance" storage="e:\project\chet\chet.utils\chet.utils.tests\bin\debug\net8.0\chet.utils.tests.dll" id="8e71ea61-d4d2-663e-aee2-6a07928a35f9">
      <Execution id="99271cd7-d9a4-42a4-bc9e-d4298441274e" />
      <TestMethod codeBase="E:\Project\Chet\Chet.Utils\Chet.Utils.Tests\bin\Debug\net8.0\Chet.Utils.Tests.dll" adapterTypeName="executor://xunit/VsTestRunner2/netcoreapp" className="Chet.Utils.Helpers.Tests.HttpClientHelperTests" name="Constructor_WithoutLogger_CreatesInstance" />
    </UnitTest>
    <UnitTest name="Chet.Utils.Helpers.Tests.HttpClientHelperTests.Constructor_WithOptionsAndHeaders_CreatesInstance" storage="e:\project\chet\chet.utils\chet.utils.tests\bin\debug\net8.0\chet.utils.tests.dll" id="77986575-5dd7-485b-3020-7f6ca053b27a">
      <Execution id="0df04bdc-cd23-4e54-bdef-531a9e6b3d45" />
      <TestMethod codeBase="E:\Project\Chet\Chet.Utils\Chet.Utils.Tests\bin\Debug\net8.0\Chet.Utils.Tests.dll" adapterTypeName="executor://xunit/VsTestRunner2/netcoreapp" className="Chet.Utils.Helpers.Tests.HttpClientHelperTests" name="Constructor_WithOptionsAndHeaders_CreatesInstance" />
    </UnitTest>
    <UnitTest name="Chet.Utils.Helpers.Tests.HttpClientHelperTests.GetWithRetryAsync_SuccessAfterRetry_ReturnsResponse" storage="e:\project\chet\chet.utils\chet.utils.tests\bin\debug\net8.0\chet.utils.tests.dll" id="51292d24-82fb-6f44-1136-2f49d0d027ba">
      <Execution id="2f80aefc-4ce0-4db5-9188-b7aba96d7a74" />
      <TestMethod codeBase="E:\Project\Chet\Chet.Utils\Chet.Utils.Tests\bin\Debug\net8.0\Chet.Utils.Tests.dll" adapterTypeName="executor://xunit/VsTestRunner2/netcoreapp" className="Chet.Utils.Helpers.Tests.HttpClientHelperTests" name="GetWithRetryAsync_SuccessAfterRetry_ReturnsResponse" />
    </UnitTest>
    <UnitTest name="Chet.Utils.Helpers.Tests.HttpClientHelperTests.AddRequestInterceptor_InterceptorIsCalled" storage="e:\project\chet\chet.utils\chet.utils.tests\bin\debug\net8.0\chet.utils.tests.dll" id="c23cf663-14db-c706-fc6c-f89374afaa3d">
      <Execution id="bd649937-1eb6-4224-95e8-a594f09a2c4e" />
      <TestMethod codeBase="E:\Project\Chet\Chet.Utils\Chet.Utils.Tests\bin\Debug\net8.0\Chet.Utils.Tests.dll" adapterTypeName="executor://xunit/VsTestRunner2/netcoreapp" className="Chet.Utils.Helpers.Tests.HttpClientHelperTests" name="AddRequestInterceptor_InterceptorIsCalled" />
    </UnitTest>
    <UnitTest name="Chet.Utils.Helpers.Tests.HttpClientHelperTests.GetAsync_EmptyUrl_ThrowsArgumentNullException" storage="e:\project\chet\chet.utils\chet.utils.tests\bin\debug\net8.0\chet.utils.tests.dll" id="cb6e8c12-4ff8-dae1-c50e-3386ee45981a">
      <Execution id="97b20668-e78f-4960-a91e-46fe1b12faf1" />
      <TestMethod codeBase="E:\Project\Chet\Chet.Utils\Chet.Utils.Tests\bin\Debug\net8.0\Chet.Utils.Tests.dll" adapterTypeName="executor://xunit/VsTestRunner2/netcoreapp" className="Chet.Utils.Helpers.Tests.HttpClientHelperTests" name="GetAsync_EmptyUrl_ThrowsArgumentNullException" />
    </UnitTest>
  </TestDefinitions>
  <TestEntries>
    <TestEntry testId="b32a46a0-b9f3-f06d-4e0e-ee551962b363" executionId="29c55093-bf18-49a0-a5d1-81b1bd678fa0" testListId="8c84fa94-04c1-424b-9868-57a2d4851a1d" />
    <TestEntry testId="5f764f43-8aed-7396-4cc9-3738f1566ff6" executionId="1d4ec0fa-80c3-470e-9c8b-f242e2ee3d56" testListId="8c84fa94-04c1-424b-9868-57a2d4851a1d" />
    <TestEntry testId="48afee2a-6883-41e6-ce12-82757479efcf" executionId="900c6c98-5401-4a58-a0bf-d7996123e119" testListId="8c84fa94-04c1-424b-9868-57a2d4851a1d" />
    <TestEntry testId="90e1f8f5-068c-39b5-1c14-35356092733d" executionId="b3901e3d-9c8f-4b24-8eda-c3f4b7f27659" testListId="8c84fa94-04c1-424b-9868-57a2d4851a1d" />
    <TestEntry testId="df603487-8467-b77a-36b6-3b1cefc9bdd7" executionId="94435847-5055-4b6f-8680-8a85326aae9a" testListId="8c84fa94-04c1-424b-9868-57a2d4851a1d" />
    <TestEntry testId="dc549edb-2214-26bd-f221-e8a6c7bef585" executionId="7e4b2c09-62e4-4baf-a215-69296b825c44" testListId="8c84fa94-04c1-424b-9868-57a2d4851a1d" />
    <TestEntry testId="bf2532e4-32bc-c86a-7789-27840fe932ef" executionId="668518b0-f357-4a19-b4f6-5d23b9133efc" testListId="8c84fa94-04c1-424b-9868-57a2d4851a1d" />
    <TestEntry testId="77986575-5dd7-485b-3020-7f6ca053b27a" executionId="0df04bdc-cd23-4e54-bdef-531a9e6b3d45" testListId="8c84fa94-04c1-424b-9868-57a2d4851a1d" />
    <TestEntry testId="0cca12bc-ea0f-670f-2f60-2f8b589a8322" executionId="b9c16a56-64e9-40d0-854e-7bf9e83429c0" testListId="8c84fa94-04c1-424b-9868-57a2d4851a1d" />
    <TestEntry testId="03c8197e-6f68-189f-3ae2-eccdff04ca80" executionId="a266342e-9bca-4e8d-9bdf-fc4a88a5681e" testListId="8c84fa94-04c1-424b-9868-57a2d4851a1d" />
    <TestEntry testId="5dc9c05b-0afa-fea5-529f-274d594546e8" executionId="146789f8-bece-4595-983b-36d5f82cc382" testListId="8c84fa94-04c1-424b-9868-57a2d4851a1d" />
    <TestEntry testId="98c67275-4132-0580-e13d-9497e4b30b5f" executionId="7a1e5df4-b9d1-4d12-85c3-1ff5696740a4" testListId="8c84fa94-04c1-424b-9868-57a2d4851a1d" />
    <TestEntry testId="9af42fb7-5208-30fc-f313-417206df188e" executionId="4128e0e1-4f94-4e75-bebe-d034c2f17796" testListId="8c84fa94-04c1-424b-9868-57a2d4851a1d" />
    <TestEntry testId="230cc054-54fc-7359-6da7-b7ff787d4ab0" executionId="1997090a-eda9-4fa3-8e21-e144129428e8" testListId="8c84fa94-04c1-424b-9868-57a2d4851a1d" />
    <TestEntry testId="e6f97310-fdcd-b4e9-0ff9-109e167df4d8" executionId="4bc19a0d-d28a-4504-a5be-64184eca6f2c" testListId="8c84fa94-04c1-424b-9868-57a2d4851a1d" />
    <TestEntry testId="9d61a98d-5a35-e1e2-d2f2-f09c6d1c335b" executionId="97da66e3-315c-4c2a-85c3-dc58ac68cb77" testListId="8c84fa94-04c1-424b-9868-57a2d4851a1d" />
    <TestEntry testId="343c9d58-90b5-32ec-0927-937ddeedf3d5" executionId="37b2f368-a111-4fea-83b2-f25717a0414b" testListId="8c84fa94-04c1-424b-9868-57a2d4851a1d" />
    <TestEntry testId="e4e6c2bf-4af1-43f1-63a5-93a6e0efa19f" executionId="ec40cea2-656b-4729-a8bf-0c7b3ce3d7c5" testListId="8c84fa94-04c1-424b-9868-57a2d4851a1d" />
    <TestEntry testId="f68e81c0-542d-66ee-b2c2-cee7d5280b13" executionId="acea3765-b3a6-4b35-a24b-509c37a9bc75" testListId="8c84fa94-04c1-424b-9868-57a2d4851a1d" />
    <TestEntry testId="3116c161-1c6f-093b-3a19-ae417c5d95d7" executionId="6efa0452-67d9-4882-b346-456f1d5ab4e8" testListId="8c84fa94-04c1-424b-9868-57a2d4851a1d" />
    <TestEntry testId="a1c187fa-3784-d987-7691-d46afaa70328" executionId="0185131a-7245-4b43-9dff-c294c39eb1fe" testListId="8c84fa94-04c1-424b-9868-57a2d4851a1d" />
    <TestEntry testId="632bb288-3da3-7bd6-9301-8de79ff45797" executionId="c1604f40-a7cc-4b73-934e-a043a5a2d201" testListId="8c84fa94-04c1-424b-9868-57a2d4851a1d" />
    <TestEntry testId="9f0d188d-37cd-23c3-9364-f63a1e48458a" executionId="296bb018-3ad2-4e64-b8b6-4fcc699f634e" testListId="8c84fa94-04c1-424b-9868-57a2d4851a1d" />
    <TestEntry testId="82459fd8-134b-ad38-772c-eb97d192c0bc" executionId="a636bb1e-381a-412a-a4a1-714559b11043" testListId="8c84fa94-04c1-424b-9868-57a2d4851a1d" />
    <TestEntry testId="d95fd044-0410-62d1-c43a-6b2108b32585" executionId="a92a8a09-5e74-48e9-acbe-becf15ceee75" testListId="8c84fa94-04c1-424b-9868-57a2d4851a1d" />
    <TestEntry testId="5afd01f1-2b25-6aff-1d73-c4d7269022d8" executionId="c6570c67-2ee5-4f7d-b843-321f6e2dddbd" testListId="8c84fa94-04c1-424b-9868-57a2d4851a1d" />
    <TestEntry testId="51292d24-82fb-6f44-1136-2f49d0d027ba" executionId="2f80aefc-4ce0-4db5-9188-b7aba96d7a74" testListId="8c84fa94-04c1-424b-9868-57a2d4851a1d" />
    <TestEntry testId="edd9b7fa-a814-25c2-bdf6-4fe9fc58b9d7" executionId="54aa4734-1e34-4662-ba33-5cd7f2f04cdb" testListId="8c84fa94-04c1-424b-9868-57a2d4851a1d" />
    <TestEntry testId="f8de72d7-507e-46a9-0f18-380df754f02e" executionId="92a456c5-8e91-4420-b1ee-e08b8cbe5668" testListId="8c84fa94-04c1-424b-9868-57a2d4851a1d" />
    <TestEntry testId="38029b8b-dd9c-d63d-bf7b-c6612b330372" executionId="fbba700e-269a-4dcc-b403-a4b6624581cc" testListId="8c84fa94-04c1-424b-9868-57a2d4851a1d" />
    <TestEntry testId="85eacced-fbf8-379d-30b8-62691abb2c36" executionId="774dc79d-5fe8-4c01-a771-ed07d7d2ea4a" testListId="8c84fa94-04c1-424b-9868-57a2d4851a1d" />
    <TestEntry testId="74e3b427-3b1c-266c-4e1d-2e8c3bc2dcb0" executionId="19f85900-32aa-4aa0-b9fa-a43c0c3ecce7" testListId="8c84fa94-04c1-424b-9868-57a2d4851a1d" />
    <TestEntry testId="83e0e04a-204c-c559-47fb-9c6ad59d9ad6" executionId="da0599e1-537c-4c88-b7ee-7970037d363c" testListId="8c84fa94-04c1-424b-9868-57a2d4851a1d" />
    <TestEntry testId="0373823b-d2f7-da76-ee44-efbdba64bf4e" executionId="8f75cedf-6d4c-433d-abfa-d0aebd04c9c0" testListId="8c84fa94-04c1-424b-9868-57a2d4851a1d" />
    <TestEntry testId="31e2974b-e79f-74b3-4b4b-e0baba37a2c6" executionId="f56ab84a-dcf2-4373-b9ab-78bd32a5176a" testListId="8c84fa94-04c1-424b-9868-57a2d4851a1d" />
    <TestEntry testId="cb6e8c12-4ff8-dae1-c50e-3386ee45981a" executionId="97b20668-e78f-4960-a91e-46fe1b12faf1" testListId="8c84fa94-04c1-424b-9868-57a2d4851a1d" />
    <TestEntry testId="4cfabfd6-79a6-3fc4-d7af-295ae852f27b" executionId="b513d5a0-41fe-4d15-b501-20306f5091ef" testListId="8c84fa94-04c1-424b-9868-57a2d4851a1d" />
    <TestEntry testId="871666e1-196b-36d2-7e70-e7196d807b49" executionId="3839be0d-cd84-4e68-8f50-285ea02a1c30" testListId="8c84fa94-04c1-424b-9868-57a2d4851a1d" />
    <TestEntry testId="8ca2b52f-ec45-107f-171b-d5ff5cbdd62a" executionId="41e3f844-7887-4ac6-b1e2-8eb936cf2be6" testListId="8c84fa94-04c1-424b-9868-57a2d4851a1d" />
    <TestEntry testId="e4913b2c-6baf-9b4a-45bd-41312e8b67d5" executionId="8173dc3d-e13e-49a9-907b-8cd01195b4d1" testListId="8c84fa94-04c1-424b-9868-57a2d4851a1d" />
    <TestEntry testId="25c66f95-fa61-81d4-1b2a-3a9e8c94910a" executionId="ba1b2670-bba4-4ad5-b02e-c2b20e4f56e1" testListId="8c84fa94-04c1-424b-9868-57a2d4851a1d" />
    <TestEntry testId="02201217-f2af-32d9-fcdc-25377ab6e05b" executionId="fbfaf835-ae6a-429c-8599-1294165f4d65" testListId="8c84fa94-04c1-424b-9868-57a2d4851a1d" />
    <TestEntry testId="ace105db-2acd-242c-ee29-5d57fdf987bc" executionId="e86ca148-1926-4dbb-ae1f-b48a1c424884" testListId="8c84fa94-04c1-424b-9868-57a2d4851a1d" />
    <TestEntry testId="5275150f-4e63-d3de-43f2-7345a37d3e31" executionId="f6e3a740-e839-4eb0-bbb3-6b594750af65" testListId="8c84fa94-04c1-424b-9868-57a2d4851a1d" />
    <TestEntry testId="1e2a51cf-3b02-2984-e135-bc670aa33ef7" executionId="c66fee04-f593-4675-a992-fd4bf97a2f60" testListId="8c84fa94-04c1-424b-9868-57a2d4851a1d" />
    <TestEntry testId="8525813a-30e5-0ff6-afe9-ae42cd67bc60" executionId="c1ddae3a-a0ca-42cd-9b9c-fc183be976ad" testListId="8c84fa94-04c1-424b-9868-57a2d4851a1d" />
    <TestEntry testId="a27a49d0-2a0d-374d-920b-0cc6e4ec7d36" executionId="6cc695f8-ccb4-40ad-87df-fafbd8a9dee7" testListId="8c84fa94-04c1-424b-9868-57a2d4851a1d" />
    <TestEntry testId="e3656f15-d259-9fb8-6ec8-f72b805988a2" executionId="7a0d8ee9-7fde-4b86-98b2-f8e8cb254ec4" testListId="8c84fa94-04c1-424b-9868-57a2d4851a1d" />
    <TestEntry testId="58dc5fe7-9c9f-4219-79b3-5f12913083c9" executionId="25679bd1-968a-41c6-9a97-09f2199f4e34" testListId="8c84fa94-04c1-424b-9868-57a2d4851a1d" />
    <TestEntry testId="244063d2-e2b2-535c-694a-08f819509fff" executionId="2e0b5ea7-6544-47f7-ac38-fc91f9bf13c9" testListId="8c84fa94-04c1-424b-9868-57a2d4851a1d" />
    <TestEntry testId="c23cf663-14db-c706-fc6c-f89374afaa3d" executionId="bd649937-1eb6-4224-95e8-a594f09a2c4e" testListId="8c84fa94-04c1-424b-9868-57a2d4851a1d" />
    <TestEntry testId="7e26f0d7-2254-798d-2102-d9234529803c" executionId="08b0acf2-1b7c-4bf7-ad56-2635958fb4a6" testListId="8c84fa94-04c1-424b-9868-57a2d4851a1d" />
    <TestEntry testId="b267ea4d-8d7d-6959-5444-ac00f9f1df7a" executionId="7bf4999a-a5f7-4394-820d-867d2590b5aa" testListId="8c84fa94-04c1-424b-9868-57a2d4851a1d" />
    <TestEntry testId="bccef118-3182-496b-8ec3-0b7ffcc3da72" executionId="8a9a4890-d759-444e-acaf-ca47159e54eb" testListId="8c84fa94-04c1-424b-9868-57a2d4851a1d" />
    <TestEntry testId="ecdb576d-e08c-1372-8641-d2ae430c69f1" executionId="c63dede7-57d9-4f7f-85c4-b991d1c7d65f" testListId="8c84fa94-04c1-424b-9868-57a2d4851a1d" />
    <TestEntry testId="d5fb18a9-4c50-dd86-7a8b-d503f15a8753" executionId="74b96fc7-226b-4459-afac-862e35bed9bd" testListId="8c84fa94-04c1-424b-9868-57a2d4851a1d" />
    <TestEntry testId="61cc265e-fa70-0c61-5dce-37fbb998e583" executionId="e2ea4919-9e17-4284-8741-808d6744c136" testListId="8c84fa94-04c1-424b-9868-57a2d4851a1d" />
    <TestEntry testId="34602a11-5f9a-aabc-b2e9-faf05f72efb5" executionId="292a90a6-a4ef-4587-90c3-b639d42c0bcd" testListId="8c84fa94-04c1-424b-9868-57a2d4851a1d" />
    <TestEntry testId="8e71ea61-d4d2-663e-aee2-6a07928a35f9" executionId="99271cd7-d9a4-42a4-bc9e-d4298441274e" testListId="8c84fa94-04c1-424b-9868-57a2d4851a1d" />
    <TestEntry testId="d2167f45-3b3e-3731-8f14-5bff23d4932c" executionId="ccc1fbf2-5199-4397-ba6f-b0967a978a33" testListId="8c84fa94-04c1-424b-9868-57a2d4851a1d" />
    <TestEntry testId="635df820-a336-19e1-a53c-fb38c6c66a61" executionId="a5557242-60f5-430c-b20f-9cdea1eabf62" testListId="8c84fa94-04c1-424b-9868-57a2d4851a1d" />
    <TestEntry testId="7354c202-2e5e-5aa3-529f-67d64b7f9be8" executionId="6d718eaf-4bf6-4df5-b6ca-cf6aeb8919c2" testListId="8c84fa94-04c1-424b-9868-57a2d4851a1d" />
    <TestEntry testId="8506d6e2-7ca2-31ae-c58b-e24f0cca196c" executionId="c7bdb4f1-f3b1-4796-8645-fb9cbd235d38" testListId="8c84fa94-04c1-424b-9868-57a2d4851a1d" />
    <TestEntry testId="95c05d38-4193-2ed9-5ce4-54310a65e361" executionId="4c9ac995-7f99-4f17-85c0-b3c2c6c2f71b" testListId="8c84fa94-04c1-424b-9868-57a2d4851a1d" />
    <TestEntry testId="87d1c7bc-c76d-4fca-6d78-7a3e9fd69e9d" executionId="47860ca1-cd8f-4ffc-9325-e3c1d78d0caf" testListId="8c84fa94-04c1-424b-9868-57a2d4851a1d" />
    <TestEntry testId="79dc8387-edea-a40f-604c-ebdf18da680a" executionId="9ff0b813-412f-4743-bec6-edd0293b0d02" testListId="8c84fa94-04c1-424b-9868-57a2d4851a1d" />
    <TestEntry testId="fce2f0f9-6efd-d78b-3ff6-38e623c097d5" executionId="74153b13-14cc-4d5d-81ea-7250f9a3bd31" testListId="8c84fa94-04c1-424b-9868-57a2d4851a1d" />
    <TestEntry testId="a5d14b54-02a3-9a4e-e568-47f40dbf3d8d" executionId="7e93bf7a-97f1-4262-815f-7f605b6c6bb7" testListId="8c84fa94-04c1-424b-9868-57a2d4851a1d" />
    <TestEntry testId="589482bb-7d9a-b8bf-b83c-60efc95e7344" executionId="091a37a1-6290-4c51-9b46-fb588b65cfa6" testListId="8c84fa94-04c1-424b-9868-57a2d4851a1d" />
    <TestEntry testId="5096e97f-afb1-e657-97a4-92171bc355d5" executionId="3125f69e-9eed-4d82-872f-e901ac6d7af8" testListId="8c84fa94-04c1-424b-9868-57a2d4851a1d" />
  </TestEntries>
  <TestLists>
    <TestList name="列表中未列出的结果" id="8c84fa94-04c1-424b-9868-57a2d4851a1d" />
    <TestList name="所有已加载的结果" id="19431567-8539-422a-85d7-44ee4e166bda" />
  </TestLists>
  <ResultSummary outcome="Failed">
    <Counters total="70" executed="70" passed="69" failed="1" error="0" timeout="0" aborted="0" inconclusive="0" passedButRunAborted="0" notRunnable="0" notExecuted="0" disconnected="0" warning="0" completed="0" inProgress="0" pending="0" />
    <Output>
      <StdOut>[xUnit.net 00:00:00.00] xUnit.net VSTest Adapter v2.8.2+699d445a1a (64-bit .NET 8.0.23)&#xD;
[xUnit.net 00:00:00.10]   Discovering: Chet.Utils.Tests&#xD;
[xUnit.net 00:00:00.33]   Discovered:  Chet.Utils.Tests&#xD;
[xUnit.net 00:00:00.33]   Starting:    Chet.Utils.Tests&#xD;
[xUnit.net 00:00:00.61]       System.InvalidOperationException : Misused header name, 'Allow'. Make sure request headers are used with HttpRequestMessage, response headers with HttpResponseMessage, and content headers with HttpContent objects.&#xD;
[xUnit.net 00:00:00.61]       Stack Trace:&#xD;
[xUnit.net 00:00:00.62]            at System.Net.Http.Headers.HttpHeaders.GetHeaderDescriptor(String name)&#xD;
[xUnit.net 00:00:00.62]            at System.Net.Http.Headers.HttpHeaders.Add(String name, String value)&#xD;
[xUnit.net 00:00:00.62]         E:\Project\Chet\Chet.Utils\Chet.Utils.Tests\Helpers\HttpClientHelperTests.cs(480,0): at Chet.Utils.Helpers.Tests.HttpClientHelperTests.OptionsAsync_ValidUrl_ReturnsHttpResponseMessage()&#xD;
[xUnit.net 00:00:00.62]         --- End of stack trace from previous location ---&#xD;
[xUnit.net 00:00:01.41]   Finished:    Chet.Utils.Tests&#xD;
</StdOut>
    </Output>
    <RunInfos>
      <RunInfo computerName="DESKTOP-30L3NMU" outcome="Error" timestamp="2026-04-20T16:04:26.5362369+08:00">
        <Text>[xUnit.net 00:00:00.61]     Chet.Utils.Helpers.Tests.HttpClientHelperTests.OptionsAsync_ValidUrl_ReturnsHttpResponseMessage [FAIL]</Text>
      </RunInfo>
    </RunInfos>
  </ResultSummary>
</TestRun>